[32m2018-02-01 14:30:02,873 INFO [org.apereo.cas.configuration.config.CasCoreBootstrapStandaloneConfiguration] - <Configuration directory [\etc\cas\config] is not a directory or cannot be found at the specific path>[m
[32m2018-02-01 14:30:02,906 INFO [org.apereo.cas.configuration.config.CasCoreBootstrapStandaloneConfiguration] - <Found and loaded [0] setting(s) from [\etc\cas\config]>[m
[32m2018-02-01 14:30:02,910 INFO [org.springframework.cloud.bootstrap.config.PropertySourceBootstrapConfiguration] - <Located property source: PropertiesPropertySource {name='standaloneCasConfigService'}>[m
[32m2018-02-01 14:30:02,937 INFO [org.apereo.cas.web.CasWebApplication] - <The following profiles are active: standalone>[m
[32m2018-02-01 14:30:03,223 INFO [org.apereo.cas.web.CasWebApplicationContext] - <Refreshing CasWebApplicationContext>[m
[32m2018-02-01 14:30:40,350 INFO [org.apereo.cas.configuration.support.Beans] - <Ticket registry encryption/signing is turned off. This MAY NOT be safe in a clustered production environment. Consider using other choices to handle encryption, signing and verification of ticket registry tickets, and verify the chosen ticket registry does support this behavior.>[m
[32m2018-02-01 14:33:15,676 INFO [org.apereo.cas.support.events.listener.CasConfigurationEventListener] - <Refreshing CAS configuration. Stand by...>[m
[33m2018-02-01 14:33:24,103 WARN [org.apereo.cas.util.cipher.BaseStringCipherExecutor] - <Secret key for encryption is not defined for [Ticket-granting Cookie]; CAS will attempt to auto-generate the encryption key>[m
[33m2018-02-01 14:33:24,180 WARN [org.apereo.cas.util.cipher.BaseStringCipherExecutor] - <Generated encryption key [QHmNV_hlWXqoZboHki0tqNrJDhT2uemAu1sxyt5Daj0] of size [256] for [Ticket-granting Cookie]. The generated key MUST be added to CAS settings under setting [cas.tgc.crypto.encryption.key].>[m
[33m2018-02-01 14:33:24,200 WARN [org.apereo.cas.util.cipher.BaseStringCipherExecutor] - <Secret key for signing is not defined for [Ticket-granting Cookie]. CAS will attempt to auto-generate the signing key>[m
[33m2018-02-01 14:33:24,200 WARN [org.apereo.cas.util.cipher.BaseStringCipherExecutor] - <Generated signing key [NqDf6jqas279tMKRWTVTOe6kD5SEwPQfiwMVwpWd7VVUkvCoOmbJz3iDnSuS-g2Pmy0eg5xeilCLkxNloM1pEw] of size [512] for [Ticket-granting Cookie]. The generated key MUST be added to CAS settings under setting [cas.tgc.crypto.signing.key].>[m
[33m2018-02-01 14:33:27,567 WARN [org.apereo.cas.util.cipher.BaseBinaryCipherExecutor] - <Secret key for signing is not defined under [cas.webflow.crypto.signing.key]. CAS will attempt to auto-generate the signing key>[m
[33m2018-02-01 14:33:27,567 WARN [org.apereo.cas.util.cipher.BaseBinaryCipherExecutor] - <Generated signing key [JS9-vn2_hLacOfVVJx5HjSZbD9833IdVoPMSXmHDxq3R6yhpSHRW3x7Fvq-6rf__Mz2EgHzw3PcQCo2KmcHkUA] of size [512]. The generated key MUST be added to CAS settings under setting [cas.webflow.crypto.signing.key].>[m
[33m2018-02-01 14:33:27,568 WARN [org.apereo.cas.util.cipher.BaseBinaryCipherExecutor] - <Secret key for encryption is not defined under [cas.webflow.crypto.encryption.key]. CAS will attempt to auto-generate the encryption key>[m
[33m2018-02-01 14:33:27,582 WARN [org.apereo.cas.util.cipher.BaseBinaryCipherExecutor] - <Generated encryption key [SEMof7CnuJJ-FCWhTZp5Nw] of size [16]. The generated key MUST be added to CAS settings under setting [cas.webflow.crypto.encryption.key].>[m
[32m2018-02-01 14:33:28,935 INFO [org.apereo.cas.support.events.listener.DefaultCasEventListener] - <[36m>[m
[32m2018-02-01 14:33:28,944 INFO [org.apereo.cas.support.events.listener.DefaultCasEventListener] - <

  ____    _____      _      ____   __   __
 |  _ \  | ____|    / \    |  _ \  \ \ / /
 | |_) | |  _|     / _ \   | | | |  \ V / 
 |  _ <  | |___   / ___ \  | |_| |   | |  
 |_| \_\ |_____| /_/   \_\ |____/    |_|  
                                          
>[m
[32m2018-02-01 14:33:28,944 INFO [org.apereo.cas.support.events.listener.DefaultCasEventListener] - <[0m>[m
[32m2018-02-01 14:33:28,944 INFO [org.apereo.cas.support.events.listener.DefaultCasEventListener] - <Ready to process requests @ [2018-02-01T06:33:28.935Z]>[m
[32m2018-02-01 14:33:28,953 INFO [org.apereo.cas.web.CasWebApplication] - <Started CasWebApplication in 225.804 seconds (JVM running for 236.465)>[m
[32m2018-02-01 14:33:46,961 INFO [org.apereo.cas.web.flow.InitialFlowSetupAction] - <Setting path for cookies for warn cookie generator to: [/] >[m
[32m2018-02-01 14:33:46,961 INFO [org.apereo.cas.web.flow.InitialFlowSetupAction] - <Setting path for cookies for warn cookie generator to: [/] >[m
[32m2018-02-01 14:33:47,078 INFO [org.apereo.inspektr.audit.support.Slf4jLoggingAuditTrailManager] - <Audit trail record BEGIN
=============================================================
WHO: audit:unknown
WHAT: [event=success,timestamp=Thu Feb 01 14:33:47 CST 2018,source=RankedAuthenticationProviderWebflowEventResolver]
ACTION: AUTHENTICATION_EVENT_TRIGGERED
APPLICATION: CAS
WHEN: Thu Feb 01 14:33:47 CST 2018
CLIENT IP ADDRESS: 127.0.0.1
SERVER IP ADDRESS: 127.0.0.1
=============================================================

>[m
[32m2018-02-01 14:33:47,078 INFO [org.apereo.inspektr.audit.support.Slf4jLoggingAuditTrailManager] - <Audit trail record BEGIN
=============================================================
WHO: audit:unknown
WHAT: [event=success,timestamp=Thu Feb 01 14:33:47 CST 2018,source=RankedAuthenticationProviderWebflowEventResolver]
ACTION: AUTHENTICATION_EVENT_TRIGGERED
APPLICATION: CAS
WHEN: Thu Feb 01 14:33:47 CST 2018
CLIENT IP ADDRESS: 127.0.0.1
SERVER IP ADDRESS: 127.0.0.1
=============================================================

>[m
[32m2018-02-01 14:33:58,437 INFO [org.apereo.cas.ticket.registry.DefaultTicketRegistryCleaner] - <[0] expired tickets removed.>[m
[1;31m2018-02-01 14:34:07,747 ERROR [org.apereo.cas.authentication.PolicyBasedAuthenticationManager] - <Authentication has failed. Credentials may be incorrect or CAS cannot find authentication handler that supports [yellowlu] of type [RememberMeUsernamePasswordCredential].>[m
[32m2018-02-01 14:34:07,755 INFO [org.apereo.inspektr.audit.support.Slf4jLoggingAuditTrailManager] - <Audit trail record BEGIN
=============================================================
WHO: yellowlu
WHAT: Supplied credentials: [yellowlu]
ACTION: AUTHENTICATION_SUCCESS
APPLICATION: CAS
WHEN: Thu Feb 01 14:34:07 CST 2018
CLIENT IP ADDRESS: 127.0.0.1
SERVER IP ADDRESS: 127.0.0.1
=============================================================

>[m
[32m2018-02-01 14:34:07,755 INFO [org.apereo.inspektr.audit.support.Slf4jLoggingAuditTrailManager] - <Audit trail record BEGIN
=============================================================
WHO: yellowlu
WHAT: Supplied credentials: [yellowlu]
ACTION: AUTHENTICATION_SUCCESS
APPLICATION: CAS
WHEN: Thu Feb 01 14:34:07 CST 2018
CLIENT IP ADDRESS: 127.0.0.1
SERVER IP ADDRESS: 127.0.0.1
=============================================================

>[m
[32m2018-02-01 14:35:58,455 INFO [org.apereo.cas.ticket.registry.DefaultTicketRegistryCleaner] - <[0] expired tickets removed.>[m
[32m2018-02-01 14:37:17,460 INFO [org.apereo.cas.web.CasWebApplicationContext] - <Closing CasWebApplicationContext>[m
