[32m2018-02-01 09:09:55,427 INFO [org.apereo.cas.configuration.config.CasCoreBootstrapStandaloneConfiguration] - <Configuration directory [\etc\cas\config] is not a directory or cannot be found at the specific path>[m
[32m2018-02-01 09:09:55,467 INFO [org.apereo.cas.configuration.config.CasCoreBootstrapStandaloneConfiguration] - <Found and loaded [0] setting(s) from [\etc\cas\config]>[m
[32m2018-02-01 09:09:55,474 INFO [org.springframework.cloud.bootstrap.config.PropertySourceBootstrapConfiguration] - <Located property source: PropertiesPropertySource {name='standaloneCasConfigService'}>[m
[32m2018-02-01 09:09:55,497 INFO [org.apereo.cas.web.CasWebApplication] - <The following profiles are active: standalone>[m
[32m2018-02-01 09:09:55,631 INFO [org.apereo.cas.web.CasWebApplicationContext] - <Refreshing CasWebApplicationContext>[m
[32m2018-02-01 09:10:17,136 INFO [org.apereo.cas.configuration.support.Beans] - <Ticket registry encryption/signing is turned off. This MAY NOT be safe in a clustered production environment. Consider using other choices to handle encryption, signing and verification of ticket registry tickets, and verify the chosen ticket registry does support this behavior.>[m
[32m2018-02-01 09:12:30,963 INFO [org.apereo.cas.support.events.listener.CasConfigurationEventListener] - <Refreshing CAS configuration. Stand by...>[m
[33m2018-02-01 09:12:38,229 WARN [org.apereo.cas.util.cipher.BaseStringCipherExecutor] - <Secret key for encryption is not defined for [Ticket-granting Cookie]; CAS will attempt to auto-generate the encryption key>[m
[33m2018-02-01 09:12:38,308 WARN [org.apereo.cas.util.cipher.BaseStringCipherExecutor] - <Generated encryption key [a5rDufsIeiqaBVff-KOw-S3dEVo_PCUDnwA0QJ_4jnY] of size [256] for [Ticket-granting Cookie]. The generated key MUST be added to CAS settings under setting [cas.tgc.crypto.encryption.key].>[m
[33m2018-02-01 09:12:38,333 WARN [org.apereo.cas.util.cipher.BaseStringCipherExecutor] - <Secret key for signing is not defined for [Ticket-granting Cookie]. CAS will attempt to auto-generate the signing key>[m
[33m2018-02-01 09:12:38,334 WARN [org.apereo.cas.util.cipher.BaseStringCipherExecutor] - <Generated signing key [fx9w4sA29ilGu7k7Zn5wVPWpuGhDYoHpDxAhXHzUn1rdMXrv3s7qSMOHqy3BNGdupR6ybJcIkgpeu1k9jDwT2w] of size [512] for [Ticket-granting Cookie]. The generated key MUST be added to CAS settings under setting [cas.tgc.crypto.signing.key].>[m
[33m2018-02-01 09:12:42,328 WARN [org.apereo.cas.util.cipher.BaseBinaryCipherExecutor] - <Secret key for signing is not defined under [cas.webflow.crypto.signing.key]. CAS will attempt to auto-generate the signing key>[m
[33m2018-02-01 09:12:42,329 WARN [org.apereo.cas.util.cipher.BaseBinaryCipherExecutor] - <Generated signing key [HeyHQ0lTYltuvXfCWuHh1qnnJ3asHmRtktrDoQIh3w7PSArLvbEcHEhN2pCYkFaYSMHJEyopfjeGjaqkcE1UaQ] of size [512]. The generated key MUST be added to CAS settings under setting [cas.webflow.crypto.signing.key].>[m
[33m2018-02-01 09:12:42,329 WARN [org.apereo.cas.util.cipher.BaseBinaryCipherExecutor] - <Secret key for encryption is not defined under [cas.webflow.crypto.encryption.key]. CAS will attempt to auto-generate the encryption key>[m
[33m2018-02-01 09:12:42,350 WARN [org.apereo.cas.util.cipher.BaseBinaryCipherExecutor] - <Generated encryption key [rz3YfimAhgBR91SKTKU1FA] of size [16]. The generated key MUST be added to CAS settings under setting [cas.webflow.crypto.encryption.key].>[m
[32m2018-02-01 09:12:43,559 INFO [org.apereo.cas.support.events.listener.DefaultCasEventListener] - <[36m>[m
[32m2018-02-01 09:12:43,564 INFO [org.apereo.cas.support.events.listener.DefaultCasEventListener] - <

  ____    _____      _      ____   __   __
 |  _ \  | ____|    / \    |  _ \  \ \ / /
 | |_) | |  _|     / _ \   | | | |  \ V / 
 |  _ <  | |___   / ___ \  | |_| |   | |  
 |_| \_\ |_____| /_/   \_\ |____/    |_|  
                                          
>[m
[32m2018-02-01 09:12:43,564 INFO [org.apereo.cas.support.events.listener.DefaultCasEventListener] - <[0m>[m
[32m2018-02-01 09:12:43,565 INFO [org.apereo.cas.support.events.listener.DefaultCasEventListener] - <Ready to process requests @ [2018-02-01T01:12:43.558Z]>[m
[32m2018-02-01 09:12:43,569 INFO [org.apereo.cas.web.CasWebApplication] - <Started CasWebApplication in 182.433 seconds (JVM running for 191.011)>[m
[32m2018-02-01 09:13:13,127 INFO [org.apereo.cas.ticket.registry.DefaultTicketRegistryCleaner] - <[0] expired tickets removed.>[m
[32m2018-02-01 09:13:14,230 INFO [org.apereo.cas.web.CasWebApplicationContext] - <Closing CasWebApplicationContext>[m
