[32m2018-02-01 09:14:09,225 INFO [org.apereo.cas.configuration.config.CasCoreBootstrapStandaloneConfiguration] - <Configuration directory [\etc\cas\config] is not a directory or cannot be found at the specific path>[m
[32m2018-02-01 09:14:09,248 INFO [org.apereo.cas.configuration.config.CasCoreBootstrapStandaloneConfiguration] - <Found and loaded [0] setting(s) from [\etc\cas\config]>[m
[32m2018-02-01 09:14:09,250 INFO [org.springframework.cloud.bootstrap.config.PropertySourceBootstrapConfiguration] - <Located property source: PropertiesPropertySource {name='standaloneCasConfigService'}>[m
[32m2018-02-01 09:14:09,274 INFO [org.apereo.cas.web.CasWebApplication] - <The following profiles are active: standalone>[m
[32m2018-02-01 09:14:09,478 INFO [org.apereo.cas.web.CasWebApplicationContext] - <Refreshing CasWebApplicationContext>[m
[32m2018-02-01 09:14:41,909 INFO [org.apereo.cas.configuration.support.Beans] - <Ticket registry encryption/signing is turned off. This MAY NOT be safe in a clustered production environment. Consider using other choices to handle encryption, signing and verification of ticket registry tickets, and verify the chosen ticket registry does support this behavior.>[m
[32m2018-02-01 09:16:56,851 INFO [org.apereo.cas.support.events.listener.CasConfigurationEventListener] - <Refreshing CAS configuration. Stand by...>[m
[33m2018-02-01 09:17:04,489 WARN [org.apereo.cas.util.cipher.BaseStringCipherExecutor] - <Secret key for encryption is not defined for [Ticket-granting Cookie]; CAS will attempt to auto-generate the encryption key>[m
[33m2018-02-01 09:17:04,609 WARN [org.apereo.cas.util.cipher.BaseStringCipherExecutor] - <Generated encryption key [nO8M-2b3RkTGaaObV1PghHFIoVmNKMQsKgWyTCOZU-U] of size [256] for [Ticket-granting Cookie]. The generated key MUST be added to CAS settings under setting [cas.tgc.crypto.encryption.key].>[m
[33m2018-02-01 09:17:04,640 WARN [org.apereo.cas.util.cipher.BaseStringCipherExecutor] - <Secret key for signing is not defined for [Ticket-granting Cookie]. CAS will attempt to auto-generate the signing key>[m
[33m2018-02-01 09:17:04,640 WARN [org.apereo.cas.util.cipher.BaseStringCipherExecutor] - <Generated signing key [9209Rkx0Tw8kw417kH3uElJ-f-x8QSBIfE7B6ReAt28g53eAyQcXsWXOkE-c7_bLsnWPPiAK3fRAijnUv-Fa0g] of size [512] for [Ticket-granting Cookie]. The generated key MUST be added to CAS settings under setting [cas.tgc.crypto.signing.key].>[m
[33m2018-02-01 09:17:08,284 WARN [org.apereo.cas.util.cipher.BaseBinaryCipherExecutor] - <Secret key for signing is not defined under [cas.webflow.crypto.signing.key]. CAS will attempt to auto-generate the signing key>[m
[33m2018-02-01 09:17:08,284 WARN [org.apereo.cas.util.cipher.BaseBinaryCipherExecutor] - <Generated signing key [LE_xADkLonR2FeYgGrv1cDYrgmROPFMpOrNyqtKTQR4dpOexbv8npeM9D2J2TCCc5hW0dMWUL8CJgHyDkIUh_w] of size [512]. The generated key MUST be added to CAS settings under setting [cas.webflow.crypto.signing.key].>[m
[33m2018-02-01 09:17:08,284 WARN [org.apereo.cas.util.cipher.BaseBinaryCipherExecutor] - <Secret key for encryption is not defined under [cas.webflow.crypto.encryption.key]. CAS will attempt to auto-generate the encryption key>[m
[33m2018-02-01 09:17:08,299 WARN [org.apereo.cas.util.cipher.BaseBinaryCipherExecutor] - <Generated encryption key [ESFjGwqcX_m03SZghu4x9Q] of size [16]. The generated key MUST be added to CAS settings under setting [cas.webflow.crypto.encryption.key].>[m
[32m2018-02-01 09:17:09,666 INFO [org.apereo.cas.support.events.listener.DefaultCasEventListener] - <[36m>[m
[32m2018-02-01 09:17:09,671 INFO [org.apereo.cas.support.events.listener.DefaultCasEventListener] - <

  ____    _____      _      ____   __   __
 |  _ \  | ____|    / \    |  _ \  \ \ / /
 | |_) | |  _|     / _ \   | | | |  \ V / 
 |  _ <  | |___   / ___ \  | |_| |   | |  
 |_| \_\ |_____| /_/   \_\ |____/    |_|  
                                          
>[m
[32m2018-02-01 09:17:09,671 INFO [org.apereo.cas.support.events.listener.DefaultCasEventListener] - <[0m>[m
[32m2018-02-01 09:17:09,671 INFO [org.apereo.cas.support.events.listener.DefaultCasEventListener] - <Ready to process requests @ [2018-02-01T01:17:09.665Z]>[m
[32m2018-02-01 09:17:09,676 INFO [org.apereo.cas.web.CasWebApplication] - <Started CasWebApplication in 200.122 seconds (JVM running for 207.984)>[m
[32m2018-02-01 09:17:39,189 INFO [org.apereo.cas.ticket.registry.DefaultTicketRegistryCleaner] - <[0] expired tickets removed.>[m
[32m2018-02-01 09:17:40,301 INFO [org.apereo.cas.web.flow.InitialFlowSetupAction] - <Setting path for cookies for warn cookie generator to: [/] >[m
[32m2018-02-01 09:17:40,301 INFO [org.apereo.cas.web.flow.InitialFlowSetupAction] - <Setting path for cookies for warn cookie generator to: [/] >[m
[32m2018-02-01 09:17:40,439 INFO [org.apereo.inspektr.audit.support.Slf4jLoggingAuditTrailManager] - <Audit trail record BEGIN
=============================================================
WHO: audit:unknown
WHAT: [event=success,timestamp=Thu Feb 01 09:17:40 CST 2018,source=RankedAuthenticationProviderWebflowEventResolver]
ACTION: AUTHENTICATION_EVENT_TRIGGERED
APPLICATION: CAS
WHEN: Thu Feb 01 09:17:40 CST 2018
CLIENT IP ADDRESS: 127.0.0.1
SERVER IP ADDRESS: 127.0.0.1
=============================================================

>[m
[32m2018-02-01 09:17:40,439 INFO [org.apereo.inspektr.audit.support.Slf4jLoggingAuditTrailManager] - <Audit trail record BEGIN
=============================================================
WHO: audit:unknown
WHAT: [event=success,timestamp=Thu Feb 01 09:17:40 CST 2018,source=RankedAuthenticationProviderWebflowEventResolver]
ACTION: AUTHENTICATION_EVENT_TRIGGERED
APPLICATION: CAS
WHEN: Thu Feb 01 09:17:40 CST 2018
CLIENT IP ADDRESS: 127.0.0.1
SERVER IP ADDRESS: 127.0.0.1
=============================================================

>[m
[1;31m2018-02-01 09:18:01,725 ERROR [org.apereo.cas.authentication.PolicyBasedAuthenticationManager] - <Authentication has failed. Credentials may be incorrect or CAS cannot find authentication handler that supports [lock] of type [RememberMeUsernamePasswordCredential].>[m
[32m2018-02-01 09:18:01,735 INFO [org.apereo.inspektr.audit.support.Slf4jLoggingAuditTrailManager] - <Audit trail record BEGIN
=============================================================
WHO: lock
WHAT: Supplied credentials: [lock]
ACTION: AUTHENTICATION_SUCCESS
APPLICATION: CAS
WHEN: Thu Feb 01 09:18:01 CST 2018
CLIENT IP ADDRESS: 127.0.0.1
SERVER IP ADDRESS: 127.0.0.1
=============================================================

>[m
[32m2018-02-01 09:18:01,735 INFO [org.apereo.inspektr.audit.support.Slf4jLoggingAuditTrailManager] - <Audit trail record BEGIN
=============================================================
WHO: lock
WHAT: Supplied credentials: [lock]
ACTION: AUTHENTICATION_SUCCESS
APPLICATION: CAS
WHEN: Thu Feb 01 09:18:01 CST 2018
CLIENT IP ADDRESS: 127.0.0.1
SERVER IP ADDRESS: 127.0.0.1
=============================================================

>[m
[32m2018-02-01 09:18:07,310 INFO [org.apereo.inspektr.audit.support.Slf4jLoggingAuditTrailManager] - <Audit trail record BEGIN
=============================================================
WHO: audit:unknown
WHAT: [event=success,timestamp=Thu Feb 01 09:18:07 CST 2018,source=RankedAuthenticationProviderWebflowEventResolver]
ACTION: AUTHENTICATION_EVENT_TRIGGERED
APPLICATION: CAS
WHEN: Thu Feb 01 09:18:07 CST 2018
CLIENT IP ADDRESS: 127.0.0.1
SERVER IP ADDRESS: 127.0.0.1
=============================================================

>[m
[32m2018-02-01 09:18:07,310 INFO [org.apereo.inspektr.audit.support.Slf4jLoggingAuditTrailManager] - <Audit trail record BEGIN
=============================================================
WHO: audit:unknown
WHAT: [event=success,timestamp=Thu Feb 01 09:18:07 CST 2018,source=RankedAuthenticationProviderWebflowEventResolver]
ACTION: AUTHENTICATION_EVENT_TRIGGERED
APPLICATION: CAS
WHEN: Thu Feb 01 09:18:07 CST 2018
CLIENT IP ADDRESS: 127.0.0.1
SERVER IP ADDRESS: 127.0.0.1
=============================================================

>[m
[1;31m2018-02-01 09:18:31,049 ERROR [org.apereo.cas.authentication.PolicyBasedAuthenticationManager] - <Authentication has failed. Credentials may be incorrect or CAS cannot find authentication handler that supports [lock] of type [RememberMeUsernamePasswordCredential].>[m
[32m2018-02-01 09:18:31,050 INFO [org.apereo.inspektr.audit.support.Slf4jLoggingAuditTrailManager] - <Audit trail record BEGIN
=============================================================
WHO: lock
WHAT: Supplied credentials: [lock]
ACTION: AUTHENTICATION_SUCCESS
APPLICATION: CAS
WHEN: Thu Feb 01 09:18:31 CST 2018
CLIENT IP ADDRESS: 127.0.0.1
SERVER IP ADDRESS: 127.0.0.1
=============================================================

>[m
[32m2018-02-01 09:18:31,050 INFO [org.apereo.inspektr.audit.support.Slf4jLoggingAuditTrailManager] - <Audit trail record BEGIN
=============================================================
WHO: lock
WHAT: Supplied credentials: [lock]
ACTION: AUTHENTICATION_SUCCESS
APPLICATION: CAS
WHEN: Thu Feb 01 09:18:31 CST 2018
CLIENT IP ADDRESS: 127.0.0.1
SERVER IP ADDRESS: 127.0.0.1
=============================================================

>[m
[32m2018-02-01 09:19:39,199 INFO [org.apereo.cas.ticket.registry.DefaultTicketRegistryCleaner] - <[0] expired tickets removed.>[m
[32m2018-02-01 09:21:39,201 INFO [org.apereo.cas.ticket.registry.DefaultTicketRegistryCleaner] - <[0] expired tickets removed.>[m
[32m2018-02-01 09:22:21,314 INFO [org.apereo.cas.web.CasWebApplicationContext] - <Closing CasWebApplicationContext>[m
