2018-02-01 14:42:02,159 INFO [org.apereo.inspektr.audit.support.Slf4jLoggingAuditTrailManager] - Audit trail record BEGIN
=============================================================
WHO: audit:unknown
WHAT: [event=success,timestamp=Thu Feb 01 14:42:02 CST 2018,source=RankedAuthenticationProviderWebflowEventResolver]
ACTION: AUTHENTICATION_EVENT_TRIGGERED
APPLICATION: CAS
WHEN: Thu Feb 01 14:42:02 CST 2018
CLIENT IP ADDRESS: 127.0.0.1
SERVER IP ADDRESS: 127.0.0.1
=============================================================


2018-02-01 14:42:17,535 INFO [org.apereo.inspektr.audit.support.Slf4jLoggingAuditTrailManager] - Audit trail record BEGIN
=============================================================
WHO: yellowlu
WHAT: Supplied credentials: [yellowlu]
ACTION: AUTHENTICATION_SUCCESS
APPLICATION: CAS
WHEN: Thu Feb 01 14:42:17 CST 2018
CLIENT IP ADDRESS: 127.0.0.1
SERVER IP ADDRESS: 127.0.0.1
=============================================================


2018-02-01 14:43:54,742 INFO [org.apereo.inspektr.audit.support.Slf4jLoggingAuditTrailManager] - Audit trail record BEGIN
=============================================================
WHO: audit:unknown
WHAT: [event=success,timestamp=Thu Feb 01 14:43:54 CST 2018,source=RankedAuthenticationProviderWebflowEventResolver]
ACTION: AUTHENTICATION_EVENT_TRIGGERED
APPLICATION: CAS
WHEN: Thu Feb 01 14:43:54 CST 2018
CLIENT IP ADDRESS: 127.0.0.1
SERVER IP ADDRESS: 127.0.0.1
=============================================================


2018-02-01 14:44:06,692 INFO [org.apereo.inspektr.audit.support.Slf4jLoggingAuditTrailManager] - Audit trail record BEGIN
=============================================================
WHO: yellowlu
WHAT: Supplied credentials: [yellowlu]
ACTION: AUTHENTICATION_SUCCESS
APPLICATION: CAS
WHEN: Thu Feb 01 14:44:06 CST 2018
CLIENT IP ADDRESS: 127.0.0.1
SERVER IP ADDRESS: 127.0.0.1
=============================================================


2018-02-01 14:44:12,311 INFO [org.apereo.inspektr.audit.support.Slf4jLoggingAuditTrailManager] - Audit trail record BEGIN
=============================================================
WHO: audit:unknown
WHAT: [event=success,timestamp=Thu Feb 01 14:44:12 CST 2018,source=RankedAuthenticationProviderWebflowEventResolver]
ACTION: AUTHENTICATION_EVENT_TRIGGERED
APPLICATION: CAS
WHEN: Thu Feb 01 14:44:12 CST 2018
CLIENT IP ADDRESS: 127.0.0.1
SERVER IP ADDRESS: 127.0.0.1
=============================================================


2018-02-01 14:44:23,709 INFO [org.apereo.inspektr.audit.support.Slf4jLoggingAuditTrailManager] - Audit trail record BEGIN
=============================================================
WHO: yellowlu
WHAT: Supplied credentials: [yellowlu]
ACTION: AUTHENTICATION_SUCCESS
APPLICATION: CAS
WHEN: Thu Feb 01 14:44:23 CST 2018
CLIENT IP ADDRESS: 127.0.0.1
SERVER IP ADDRESS: 127.0.0.1
=============================================================


