2018-02-01 09:27:06,632 INFO [org.apereo.inspektr.audit.support.Slf4jLoggingAuditTrailManager] - Audit trail record BEGIN
=============================================================
WHO: audit:unknown
WHAT: [event=success,timestamp=Thu Feb 01 09:27:06 CST 2018,source=RankedAuthenticationProviderWebflowEventResolver]
ACTION: AUTHENTICATION_EVENT_TRIGGERED
APPLICATION: CAS
WHEN: Thu Feb 01 09:27:06 CST 2018
CLIENT IP ADDRESS: 127.0.0.1
SERVER IP ADDRESS: 127.0.0.1
=============================================================


2018-02-01 09:27:30,322 INFO [org.apereo.inspektr.audit.support.Slf4jLoggingAuditTrailManager] - Audit trail record BEGIN
=============================================================
WHO: lock
WHAT: Supplied credentials: [lock]
ACTION: AUTHENTICATION_SUCCESS
APPLICATION: CAS
WHEN: Thu Feb 01 09:27:30 CST 2018
CLIENT IP ADDRESS: 127.0.0.1
SERVER IP ADDRESS: 127.0.0.1
=============================================================


