type=GAUGE, name=jvm.fd.usage, value=NaN
type=GAUGE, name=jvm.gc.Copy.count, value=109
type=GAUGE, name=jvm.gc.Copy.time, value=917
type=GAUGE, name=jvm.gc.MarkSweepCompact.count, value=2
type=GAUGE, name=jvm.gc.MarkSweepCompact.time, value=92
type=GAUGE, name=jvm.memory.heap.committed, value=506986496
type=GAUGE, name=jvm.memory.heap.init, value=524288000
type=GAUGE, name=jvm.memory.heap.max, value=1037959168
type=GAUGE, name=jvm.memory.heap.usage, value=0.10037530108313471
type=GAUGE, name=jvm.memory.heap.used, value=104187736
type=GAUGE, name=jvm.memory.non-heap.committed, value=38076416
type=GAUGE, name=jvm.memory.non-heap.init, value=163840
type=GAUGE, name=jvm.memory.non-heap.max, value=-1
type=GAUGE, name=jvm.memory.non-heap.usage, value=-3.6980856E7
type=GAUGE, name=jvm.memory.non-heap.used, value=36980888
type=GAUGE, name=jvm.memory.pools.Code-Cache.committed, value=5701632
type=GAUGE, name=jvm.memory.pools.Code-Cache.init, value=163840
type=GAUGE, name=jvm.memory.pools.Code-Cache.max, value=33554432
type=GAUGE, name=jvm.memory.pools.Code-Cache.usage, value=0.15157699584960938
type=GAUGE, name=jvm.memory.pools.Code-Cache.used, value=5092352
type=GAUGE, name=jvm.memory.pools.Eden-Space.committed, value=139984896
type=GAUGE, name=jvm.memory.pools.Eden-Space.init, value=139853824
type=GAUGE, name=jvm.memory.pools.Eden-Space.max, value=286326784
type=GAUGE, name=jvm.memory.pools.Eden-Space.usage, value=0.08677433404204338
type=GAUGE, name=jvm.memory.pools.Eden-Space.used, value=24845816
type=GAUGE, name=jvm.memory.pools.Eden-Space.used-after-gc, value=0
type=GAUGE, name=jvm.memory.pools.Metaspace.committed, value=32374784
type=GAUGE, name=jvm.memory.pools.Metaspace.init, value=0
type=GAUGE, name=jvm.memory.pools.Metaspace.max, value=-1
type=GAUGE, name=jvm.memory.pools.Metaspace.usage, value=0.9851808123260375
type=GAUGE, name=jvm.memory.pools.Metaspace.used, value=31895016
type=GAUGE, name=jvm.memory.pools.Survivor-Space.committed, value=17432576
type=GAUGE, name=jvm.memory.pools.Survivor-Space.init, value=17432576
type=GAUGE, name=jvm.memory.pools.Survivor-Space.max, value=35782656
type=GAUGE, name=jvm.memory.pools.Survivor-Space.usage, value=0.1404430123912546
type=GAUGE, name=jvm.memory.pools.Survivor-Space.used, value=5025424
type=GAUGE, name=jvm.memory.pools.Survivor-Space.used-after-gc, value=5025424
type=GAUGE, name=jvm.memory.pools.Tenured-Gen.committed, value=349569024
type=GAUGE, name=jvm.memory.pools.Tenured-Gen.init, value=349569024
type=GAUGE, name=jvm.memory.pools.Tenured-Gen.max, value=715849728
type=GAUGE, name=jvm.memory.pools.Tenured-Gen.usage, value=0.10382223683683511
type=GAUGE, name=jvm.memory.pools.Tenured-Gen.used, value=74321120
type=GAUGE, name=jvm.memory.pools.Tenured-Gen.used-after-gc, value=30575568
type=GAUGE, name=jvm.memory.total.committed, value=545062912
type=GAUGE, name=jvm.memory.total.init, value=524451840
type=GAUGE, name=jvm.memory.total.max, value=1037959167
type=GAUGE, name=jvm.memory.total.used, value=143349944
type=GAUGE, name=thread-states.blocked.count, value=0
type=GAUGE, name=thread-states.count, value=10
type=GAUGE, name=thread-states.daemon.count, value=9
type=GAUGE, name=thread-states.deadlock.count, value=0
type=GAUGE, name=thread-states.deadlocks, value=[]
type=GAUGE, name=thread-states.new.count, value=0
type=GAUGE, name=thread-states.runnable.count, value=5
type=GAUGE, name=thread-states.terminated.count, value=0
type=GAUGE, name=thread-states.timed_waiting.count, value=1
type=GAUGE, name=thread-states.waiting.count, value=4
