type=GAUGE, name=jvm.fd.usage, value=NaN
type=GAUGE, name=jvm.gc.Copy.count, value=148
type=GAUGE, name=jvm.gc.Copy.time, value=1305
type=GAUGE, name=jvm.gc.MarkSweepCompact.count, value=3
type=GAUGE, name=jvm.gc.MarkSweepCompact.time, value=281
type=GAUGE, name=jvm.memory.heap.committed, value=506986496
type=GAUGE, name=jvm.memory.heap.init, value=524288000
type=GAUGE, name=jvm.memory.heap.max, value=1037959168
type=GAUGE, name=jvm.memory.heap.usage, value=0.08759415861722993
type=GAUGE, name=jvm.memory.heap.used, value=90919160
type=GAUGE, name=jvm.memory.non-heap.committed, value=42696704
type=GAUGE, name=jvm.memory.non-heap.init, value=163840
type=GAUGE, name=jvm.memory.non-heap.max, value=-1
type=GAUGE, name=jvm.memory.non-heap.usage, value=-4.1894688E7
type=GAUGE, name=jvm.memory.non-heap.used, value=41894688
type=GAUGE, name=jvm.memory.pools.Code-Cache.committed, value=5996544
type=GAUGE, name=jvm.memory.pools.Code-Cache.init, value=163840
type=GAUGE, name=jvm.memory.pools.Code-Cache.max, value=33554432
type=GAUGE, name=jvm.memory.pools.Code-Cache.usage, value=0.16920852661132812
type=GAUGE, name=jvm.memory.pools.Code-Cache.used, value=5677696
type=GAUGE, name=jvm.memory.pools.Eden-Space.committed, value=139984896
type=GAUGE, name=jvm.memory.pools.Eden-Space.init, value=139853824
type=GAUGE, name=jvm.memory.pools.Eden-Space.max, value=286326784
type=GAUGE, name=jvm.memory.pools.Eden-Space.usage, value=0.052393589556749255
type=GAUGE, name=jvm.memory.pools.Eden-Space.used, value=15001688
type=GAUGE, name=jvm.memory.pools.Eden-Space.used-after-gc, value=0
type=GAUGE, name=jvm.memory.pools.Metaspace.committed, value=36700160
type=GAUGE, name=jvm.memory.pools.Metaspace.init, value=0
type=GAUGE, name=jvm.memory.pools.Metaspace.max, value=-1
type=GAUGE, name=jvm.memory.pools.Metaspace.usage, value=0.9868360246930804
type=GAUGE, name=jvm.memory.pools.Metaspace.used, value=36217040
type=GAUGE, name=jvm.memory.pools.Survivor-Space.committed, value=17432576
type=GAUGE, name=jvm.memory.pools.Survivor-Space.init, value=17432576
type=GAUGE, name=jvm.memory.pools.Survivor-Space.max, value=35782656
type=GAUGE, name=jvm.memory.pools.Survivor-Space.usage, value=0.20568691155849358
type=GAUGE, name=jvm.memory.pools.Survivor-Space.used, value=7360024
type=GAUGE, name=jvm.memory.pools.Survivor-Space.used-after-gc, value=7360024
type=GAUGE, name=jvm.memory.pools.Tenured-Gen.committed, value=349569024
type=GAUGE, name=jvm.memory.pools.Tenured-Gen.init, value=349569024
type=GAUGE, name=jvm.memory.pools.Tenured-Gen.max, value=715849728
type=GAUGE, name=jvm.memory.pools.Tenured-Gen.usage, value=0.09577072578003411
type=GAUGE, name=jvm.memory.pools.Tenured-Gen.used, value=68557448
type=GAUGE, name=jvm.memory.pools.Tenured-Gen.used-after-gc, value=68557448
type=GAUGE, name=jvm.memory.total.committed, value=549683200
type=GAUGE, name=jvm.memory.total.init, value=524451840
type=GAUGE, name=jvm.memory.total.max, value=1037959167
type=GAUGE, name=jvm.memory.total.used, value=132773960
type=GAUGE, name=thread-states.blocked.count, value=0
type=GAUGE, name=thread-states.count, value=10
type=GAUGE, name=thread-states.daemon.count, value=8
type=GAUGE, name=thread-states.deadlock.count, value=0
type=GAUGE, name=thread-states.deadlocks, value=[]
type=GAUGE, name=thread-states.new.count, value=0
type=GAUGE, name=thread-states.runnable.count, value=5
type=GAUGE, name=thread-states.terminated.count, value=0
type=GAUGE, name=thread-states.timed_waiting.count, value=3
type=GAUGE, name=thread-states.waiting.count, value=2
type=COUNTER, name=org.apereo.cas.DefaultCentralAuthenticationService$$EnhancerBySpringCGLIB$$8add4586.CREATE_PROXY_GRANTING_TICKET_COUNTER, count=0
type=COUNTER, name=org.apereo.cas.DefaultCentralAuthenticationService$$EnhancerBySpringCGLIB$$8add4586.CREATE_TICKET_GRANTING_TICKET_COUNTER, count=0
type=COUNTER, name=org.apereo.cas.DefaultCentralAuthenticationService$$EnhancerBySpringCGLIB$$8add4586.DELETE_TICKET_COUNTER, count=0
type=COUNTER, name=org.apereo.cas.DefaultCentralAuthenticationService$$EnhancerBySpringCGLIB$$8add4586.DESTROY_TICKET_GRANTING_TICKET_COUNTER, count=0
type=COUNTER, name=org.apereo.cas.DefaultCentralAuthenticationService$$EnhancerBySpringCGLIB$$8add4586.GET_TICKETS_COUNTER, count=0
type=COUNTER, name=org.apereo.cas.DefaultCentralAuthenticationService$$EnhancerBySpringCGLIB$$8add4586.GET_TICKET_COUNTER, count=0
type=COUNTER, name=org.apereo.cas.DefaultCentralAuthenticationService$$EnhancerBySpringCGLIB$$8add4586.GRANT_PROXY_TICKET_COUNTER, count=0
type=COUNTER, name=org.apereo.cas.DefaultCentralAuthenticationService$$EnhancerBySpringCGLIB$$8add4586.GRANT_SERVICE_TICKET_COUNTER, count=0
type=COUNTER, name=org.apereo.cas.DefaultCentralAuthenticationService$$EnhancerBySpringCGLIB$$8add4586.VALIDATE_SERVICE_TICKET_COUNTER, count=0
type=COUNTER, name=org.apereo.cas.authentication.PolicyBasedAuthenticationManager.AUTHENTICATE_COUNT, count=0
type=METER, name=org.apereo.cas.DefaultCentralAuthenticationService$$EnhancerBySpringCGLIB$$8add4586.CREATE_PROXY_GRANTING_TICKET_METER, count=0, mean_rate=0.0, m1=0.0, m5=0.0, m15=0.0, rate_unit=events/millisecond
type=METER, name=org.apereo.cas.DefaultCentralAuthenticationService$$EnhancerBySpringCGLIB$$8add4586.CREATE_TICKET_GRANTING_TICKET_METER, count=0, mean_rate=0.0, m1=0.0, m5=0.0, m15=0.0, rate_unit=events/millisecond
type=METER, name=org.apereo.cas.DefaultCentralAuthenticationService$$EnhancerBySpringCGLIB$$8add4586.DELETE_TICKET_METER, count=0, mean_rate=0.0, m1=0.0, m5=0.0, m15=0.0, rate_unit=events/millisecond
type=METER, name=org.apereo.cas.DefaultCentralAuthenticationService$$EnhancerBySpringCGLIB$$8add4586.DESTROY_TICKET_GRANTING_TICKET_METER, count=0, mean_rate=0.0, m1=0.0, m5=0.0, m15=0.0, rate_unit=events/millisecond
type=METER, name=org.apereo.cas.DefaultCentralAuthenticationService$$EnhancerBySpringCGLIB$$8add4586.GET_TICKETS_METER, count=0, mean_rate=0.0, m1=0.0, m5=0.0, m15=0.0, rate_unit=events/millisecond
type=METER, name=org.apereo.cas.DefaultCentralAuthenticationService$$EnhancerBySpringCGLIB$$8add4586.GET_TICKET_METER, count=0, mean_rate=0.0, m1=0.0, m5=0.0, m15=0.0, rate_unit=events/millisecond
type=METER, name=org.apereo.cas.DefaultCentralAuthenticationService$$EnhancerBySpringCGLIB$$8add4586.GRANT_PROXY_TICKET_METER, count=0, mean_rate=0.0, m1=0.0, m5=0.0, m15=0.0, rate_unit=events/millisecond
type=METER, name=org.apereo.cas.DefaultCentralAuthenticationService$$EnhancerBySpringCGLIB$$8add4586.GRANT_SERVICE_TICKET_METER, count=0, mean_rate=0.0, m1=0.0, m5=0.0, m15=0.0, rate_unit=events/millisecond
type=METER, name=org.apereo.cas.DefaultCentralAuthenticationService$$EnhancerBySpringCGLIB$$8add4586.VALIDATE_SERVICE_TICKET_METER, count=0, mean_rate=0.0, m1=0.0, m5=0.0, m15=0.0, rate_unit=events/millisecond
type=METER, name=org.apereo.cas.authentication.PolicyBasedAuthenticationManager.AUTHENTICATE_METER, count=0, mean_rate=0.0, m1=0.0, m5=0.0, m15=0.0, rate_unit=events/millisecond
type=TIMER, name=org.apereo.cas.DefaultCentralAuthenticationService$$EnhancerBySpringCGLIB$$8add4586.CREATE_PROXY_GRANTING_TICKET_TIMER, count=0, min=0.0, max=0.0, mean=0.0, stddev=0.0, median=0.0, p75=0.0, p95=0.0, p98=0.0, p99=0.0, p999=0.0, mean_rate=0.0, m1=0.0, m5=0.0, m15=0.0, rate_unit=events/millisecond, duration_unit=milliseconds
type=TIMER, name=org.apereo.cas.DefaultCentralAuthenticationService$$EnhancerBySpringCGLIB$$8add4586.CREATE_TICKET_GRANTING_TICKET_TIMER, count=0, min=0.0, max=0.0, mean=0.0, stddev=0.0, median=0.0, p75=0.0, p95=0.0, p98=0.0, p99=0.0, p999=0.0, mean_rate=0.0, m1=0.0, m5=0.0, m15=0.0, rate_unit=events/millisecond, duration_unit=milliseconds
type=TIMER, name=org.apereo.cas.DefaultCentralAuthenticationService$$EnhancerBySpringCGLIB$$8add4586.DELETE_TICKET_TIMER, count=0, min=0.0, max=0.0, mean=0.0, stddev=0.0, median=0.0, p75=0.0, p95=0.0, p98=0.0, p99=0.0, p999=0.0, mean_rate=0.0, m1=0.0, m5=0.0, m15=0.0, rate_unit=events/millisecond, duration_unit=milliseconds
type=TIMER, name=org.apereo.cas.DefaultCentralAuthenticationService$$EnhancerBySpringCGLIB$$8add4586.DESTROY_TICKET_GRANTING_TICKET_TIMER, count=0, min=0.0, max=0.0, mean=0.0, stddev=0.0, median=0.0, p75=0.0, p95=0.0, p98=0.0, p99=0.0, p999=0.0, mean_rate=0.0, m1=0.0, m5=0.0, m15=0.0, rate_unit=events/millisecond, duration_unit=milliseconds
type=TIMER, name=org.apereo.cas.DefaultCentralAuthenticationService$$EnhancerBySpringCGLIB$$8add4586.GET_TICKETS_TIMER, count=0, min=0.0, max=0.0, mean=0.0, stddev=0.0, median=0.0, p75=0.0, p95=0.0, p98=0.0, p99=0.0, p999=0.0, mean_rate=0.0, m1=0.0, m5=0.0, m15=0.0, rate_unit=events/millisecond, duration_unit=milliseconds
type=TIMER, name=org.apereo.cas.DefaultCentralAuthenticationService$$EnhancerBySpringCGLIB$$8add4586.GET_TICKET_TIMER, count=0, min=0.0, max=0.0, mean=0.0, stddev=0.0, median=0.0, p75=0.0, p95=0.0, p98=0.0, p99=0.0, p999=0.0, mean_rate=0.0, m1=0.0, m5=0.0, m15=0.0, rate_unit=events/millisecond, duration_unit=milliseconds
type=TIMER, name=org.apereo.cas.DefaultCentralAuthenticationService$$EnhancerBySpringCGLIB$$8add4586.GRANT_PROXY_TICKET_TIMER, count=0, min=0.0, max=0.0, mean=0.0, stddev=0.0, median=0.0, p75=0.0, p95=0.0, p98=0.0, p99=0.0, p999=0.0, mean_rate=0.0, m1=0.0, m5=0.0, m15=0.0, rate_unit=events/millisecond, duration_unit=milliseconds
type=TIMER, name=org.apereo.cas.DefaultCentralAuthenticationService$$EnhancerBySpringCGLIB$$8add4586.GRANT_SERVICE_TICKET_TIMER, count=0, min=0.0, max=0.0, mean=0.0, stddev=0.0, median=0.0, p75=0.0, p95=0.0, p98=0.0, p99=0.0, p999=0.0, mean_rate=0.0, m1=0.0, m5=0.0, m15=0.0, rate_unit=events/millisecond, duration_unit=milliseconds
type=TIMER, name=org.apereo.cas.DefaultCentralAuthenticationService$$EnhancerBySpringCGLIB$$8add4586.VALIDATE_SERVICE_TICKET_TIMER, count=0, min=0.0, max=0.0, mean=0.0, stddev=0.0, median=0.0, p75=0.0, p95=0.0, p98=0.0, p99=0.0, p999=0.0, mean_rate=0.0, m1=0.0, m5=0.0, m15=0.0, rate_unit=events/millisecond, duration_unit=milliseconds
type=TIMER, name=org.apereo.cas.authentication.PolicyBasedAuthenticationManager.AUTHENTICATE_TIMER, count=0, min=0.0, max=0.0, mean=0.0, stddev=0.0, median=0.0, p75=0.0, p95=0.0, p98=0.0, p99=0.0, p999=0.0, mean_rate=0.0, m1=0.0, m5=0.0, m15=0.0, rate_unit=events/millisecond, duration_unit=milliseconds
