type=GAUGE, name=jvm.gc.Copy.count, value=100
type=GAUGE, name=jvm.gc.Copy.time, value=1445
type=GAUGE, name=jvm.gc.MarkSweepCompact.count, value=2
type=GAUGE, name=jvm.gc.MarkSweepCompact.time, value=119
type=GAUGE, name=jvm.memory.heap.committed, value=506986496
type=GAUGE, name=jvm.memory.heap.init, value=524288000
type=GAUGE, name=jvm.memory.heap.max, value=1037959168
type=GAUGE, name=jvm.memory.heap.usage, value=0.20432212608964595
type=GAUGE, name=jvm.memory.heap.used, value=212078024
type=GAUGE, name=jvm.memory.non-heap.committed, value=37715968
type=GAUGE, name=jvm.memory.non-heap.init, value=163840
type=GAUGE, name=jvm.memory.non-heap.max, value=-1
type=GAUGE, name=jvm.memory.non-heap.usage, value=-3.6833792E7
type=GAUGE, name=jvm.memory.non-heap.used, value=36833824
type=GAUGE, name=jvm.memory.pools.Code-Cache.committed, value=5603328
type=GAUGE, name=jvm.memory.pools.Code-Cache.init, value=163840
type=GAUGE, name=jvm.memory.pools.Code-Cache.max, value=33554432
type=GAUGE, name=jvm.memory.pools.Code-Cache.usage, value=0.15414047241210938
type=GAUGE, name=jvm.memory.pools.Code-Cache.used, value=5172096
type=GAUGE, name=jvm.memory.pools.Eden-Space.committed, value=139984896
type=GAUGE, name=jvm.memory.pools.Eden-Space.init, value=139853824
type=GAUGE, name=jvm.memory.pools.Eden-Space.max, value=286326784
type=GAUGE, name=jvm.memory.pools.Eden-Space.usage, value=0.47226545177135787
type=GAUGE, name=jvm.memory.pools.Eden-Space.used, value=135222248
type=GAUGE, name=jvm.memory.pools.Eden-Space.used-after-gc, value=0
type=GAUGE, name=jvm.memory.pools.Metaspace.committed, value=32112640
type=GAUGE, name=jvm.memory.pools.Metaspace.init, value=0
type=GAUGE, name=jvm.memory.pools.Metaspace.max, value=-1
type=GAUGE, name=jvm.memory.pools.Metaspace.usage, value=0.9859908123405612
type=GAUGE, name=jvm.memory.pools.Metaspace.used, value=31662768
type=GAUGE, name=jvm.memory.pools.Survivor-Space.committed, value=17432576
type=GAUGE, name=jvm.memory.pools.Survivor-Space.init, value=17432576
type=GAUGE, name=jvm.memory.pools.Survivor-Space.max, value=35782656
type=GAUGE, name=jvm.memory.pools.Survivor-Space.usage, value=0.05370892535199176
type=GAUGE, name=jvm.memory.pools.Survivor-Space.used, value=1921848
type=GAUGE, name=jvm.memory.pools.Survivor-Space.used-after-gc, value=1921848
type=GAUGE, name=jvm.memory.pools.Tenured-Gen.committed, value=349569024
type=GAUGE, name=jvm.memory.pools.Tenured-Gen.init, value=349569024
type=GAUGE, name=jvm.memory.pools.Tenured-Gen.max, value=715849728
type=GAUGE, name=jvm.memory.pools.Tenured-Gen.usage, value=0.10472772296701914
type=GAUGE, name=jvm.memory.pools.Tenured-Gen.used, value=74969312
type=GAUGE, name=jvm.memory.pools.Tenured-Gen.used-after-gc, value=29547464
type=GAUGE, name=jvm.memory.total.committed, value=544702464
type=GAUGE, name=jvm.memory.total.init, value=524451840
type=GAUGE, name=jvm.memory.total.max, value=1037959167
type=GAUGE, name=jvm.memory.total.used, value=248952936
type=GAUGE, name=thread-states.blocked.count, value=0
type=GAUGE, name=thread-states.count, value=11
type=GAUGE, name=thread-states.daemon.count, value=9
type=GAUGE, name=thread-states.deadlock.count, value=0
type=GAUGE, name=thread-states.deadlocks, value=[]
type=GAUGE, name=thread-states.new.count, value=0
type=GAUGE, name=thread-states.runnable.count, value=5
type=GAUGE, name=thread-states.terminated.count, value=0
type=GAUGE, name=thread-states.timed_waiting.count, value=1
type=GAUGE, name=thread-states.waiting.count, value=4
type=GAUGE, name=jvm.fd.usage, value=NaN
type=GAUGE, name=jvm.gc.Copy.count, value=141
type=GAUGE, name=jvm.gc.Copy.time, value=1837
type=GAUGE, name=jvm.gc.MarkSweepCompact.count, value=2
type=GAUGE, name=jvm.gc.MarkSweepCompact.time, value=119
type=GAUGE, name=jvm.memory.heap.committed, value=506986496
type=GAUGE, name=jvm.memory.heap.init, value=524288000
type=GAUGE, name=jvm.memory.heap.max, value=1037959168
type=GAUGE, name=jvm.memory.heap.usage, value=0.0913416894642237
type=GAUGE, name=jvm.memory.heap.used, value=94808944
type=GAUGE, name=jvm.memory.non-heap.committed, value=40951808
type=GAUGE, name=jvm.memory.non-heap.init, value=163840
type=GAUGE, name=jvm.memory.non-heap.max, value=-1
type=GAUGE, name=jvm.memory.non-heap.usage, value=-4.0344528E7
type=GAUGE, name=jvm.memory.non-heap.used, value=40344528
type=GAUGE, name=jvm.memory.pools.Code-Cache.committed, value=5996544
type=GAUGE, name=jvm.memory.pools.Code-Cache.init, value=163840
type=GAUGE, name=jvm.memory.pools.Code-Cache.max, value=33554432
type=GAUGE, name=jvm.memory.pools.Code-Cache.usage, value=0.17428970336914062
type=GAUGE, name=jvm.memory.pools.Code-Cache.used, value=5848192
type=GAUGE, name=jvm.memory.pools.Eden-Space.committed, value=139984896
type=GAUGE, name=jvm.memory.pools.Eden-Space.init, value=139853824
type=GAUGE, name=jvm.memory.pools.Eden-Space.max, value=286326784
type=GAUGE, name=jvm.memory.pools.Eden-Space.usage, value=0.022865230798666744
type=GAUGE, name=jvm.memory.pools.Eden-Space.used, value=6549112
type=GAUGE, name=jvm.memory.pools.Eden-Space.used-after-gc, value=0
type=GAUGE, name=jvm.memory.pools.Metaspace.committed, value=34955264
type=GAUGE, name=jvm.memory.pools.Metaspace.init, value=0
type=GAUGE, name=jvm.memory.pools.Metaspace.max, value=-1
type=GAUGE, name=jvm.memory.pools.Metaspace.usage, value=0.9868709903034919
type=GAUGE, name=jvm.memory.pools.Metaspace.used, value=34496336
type=GAUGE, name=jvm.memory.pools.Survivor-Space.committed, value=17432576
type=GAUGE, name=jvm.memory.pools.Survivor-Space.init, value=17432576
type=GAUGE, name=jvm.memory.pools.Survivor-Space.max, value=35782656
type=GAUGE, name=jvm.memory.pools.Survivor-Space.usage, value=0.17683539198431777
type=GAUGE, name=jvm.memory.pools.Survivor-Space.used, value=6327640
type=GAUGE, name=jvm.memory.pools.Survivor-Space.used-after-gc, value=6327640
type=GAUGE, name=jvm.memory.pools.Tenured-Gen.committed, value=349569024
type=GAUGE, name=jvm.memory.pools.Tenured-Gen.init, value=349569024
type=GAUGE, name=jvm.memory.pools.Tenured-Gen.max, value=715849728
type=GAUGE, name=jvm.memory.pools.Tenured-Gen.usage, value=0.11446666080174861
type=GAUGE, name=jvm.memory.pools.Tenured-Gen.used, value=81940928
type=GAUGE, name=jvm.memory.pools.Tenured-Gen.used-after-gc, value=29547464
type=GAUGE, name=jvm.memory.total.committed, value=547938304
type=GAUGE, name=jvm.memory.total.init, value=524451840
type=GAUGE, name=jvm.memory.total.max, value=1037959167
type=GAUGE, name=jvm.memory.total.used, value=137957112
type=GAUGE, name=thread-states.blocked.count, value=0
type=GAUGE, name=thread-states.count, value=10
type=GAUGE, name=thread-states.daemon.count, value=8
type=GAUGE, name=thread-states.deadlock.count, value=0
type=GAUGE, name=thread-states.deadlocks, value=[]
type=GAUGE, name=thread-states.new.count, value=0
type=GAUGE, name=thread-states.runnable.count, value=5
type=GAUGE, name=thread-states.terminated.count, value=0
type=GAUGE, name=thread-states.timed_waiting.count, value=4
type=GAUGE, name=thread-states.waiting.count, value=2
type=COUNTER, name=org.apereo.cas.DefaultCentralAuthenticationService$$EnhancerBySpringCGLIB$$22ef59cf.CREATE_PROXY_GRANTING_TICKET_COUNTER, count=0
type=COUNTER, name=org.apereo.cas.DefaultCentralAuthenticationService$$EnhancerBySpringCGLIB$$22ef59cf.CREATE_TICKET_GRANTING_TICKET_COUNTER, count=0
type=COUNTER, name=org.apereo.cas.DefaultCentralAuthenticationService$$EnhancerBySpringCGLIB$$22ef59cf.DELETE_TICKET_COUNTER, count=0
type=COUNTER, name=org.apereo.cas.DefaultCentralAuthenticationService$$EnhancerBySpringCGLIB$$22ef59cf.DESTROY_TICKET_GRANTING_TICKET_COUNTER, count=0
type=COUNTER, name=org.apereo.cas.DefaultCentralAuthenticationService$$EnhancerBySpringCGLIB$$22ef59cf.GET_TICKETS_COUNTER, count=0
type=COUNTER, name=org.apereo.cas.DefaultCentralAuthenticationService$$EnhancerBySpringCGLIB$$22ef59cf.GET_TICKET_COUNTER, count=0
type=COUNTER, name=org.apereo.cas.DefaultCentralAuthenticationService$$EnhancerBySpringCGLIB$$22ef59cf.GRANT_PROXY_TICKET_COUNTER, count=0
type=COUNTER, name=org.apereo.cas.DefaultCentralAuthenticationService$$EnhancerBySpringCGLIB$$22ef59cf.GRANT_SERVICE_TICKET_COUNTER, count=0
type=COUNTER, name=org.apereo.cas.DefaultCentralAuthenticationService$$EnhancerBySpringCGLIB$$22ef59cf.VALIDATE_SERVICE_TICKET_COUNTER, count=0
type=COUNTER, name=org.apereo.cas.authentication.PolicyBasedAuthenticationManager.AUTHENTICATE_COUNT, count=0
type=METER, name=org.apereo.cas.DefaultCentralAuthenticationService$$EnhancerBySpringCGLIB$$22ef59cf.CREATE_PROXY_GRANTING_TICKET_METER, count=0, mean_rate=0.0, m1=0.0, m5=0.0, m15=0.0, rate_unit=events/millisecond
type=METER, name=org.apereo.cas.DefaultCentralAuthenticationService$$EnhancerBySpringCGLIB$$22ef59cf.CREATE_TICKET_GRANTING_TICKET_METER, count=0, mean_rate=0.0, m1=0.0, m5=0.0, m15=0.0, rate_unit=events/millisecond
type=METER, name=org.apereo.cas.DefaultCentralAuthenticationService$$EnhancerBySpringCGLIB$$22ef59cf.DELETE_TICKET_METER, count=0, mean_rate=0.0, m1=0.0, m5=0.0, m15=0.0, rate_unit=events/millisecond
type=METER, name=org.apereo.cas.DefaultCentralAuthenticationService$$EnhancerBySpringCGLIB$$22ef59cf.DESTROY_TICKET_GRANTING_TICKET_METER, count=0, mean_rate=0.0, m1=0.0, m5=0.0, m15=0.0, rate_unit=events/millisecond
type=METER, name=org.apereo.cas.DefaultCentralAuthenticationService$$EnhancerBySpringCGLIB$$22ef59cf.GET_TICKETS_METER, count=0, mean_rate=0.0, m1=0.0, m5=0.0, m15=0.0, rate_unit=events/millisecond
type=METER, name=org.apereo.cas.DefaultCentralAuthenticationService$$EnhancerBySpringCGLIB$$22ef59cf.GET_TICKET_METER, count=0, mean_rate=0.0, m1=0.0, m5=0.0, m15=0.0, rate_unit=events/millisecond
type=METER, name=org.apereo.cas.DefaultCentralAuthenticationService$$EnhancerBySpringCGLIB$$22ef59cf.GRANT_PROXY_TICKET_METER, count=0, mean_rate=0.0, m1=0.0, m5=0.0, m15=0.0, rate_unit=events/millisecond
type=METER, name=org.apereo.cas.DefaultCentralAuthenticationService$$EnhancerBySpringCGLIB$$22ef59cf.GRANT_SERVICE_TICKET_METER, count=0, mean_rate=0.0, m1=0.0, m5=0.0, m15=0.0, rate_unit=events/millisecond
type=METER, name=org.apereo.cas.DefaultCentralAuthenticationService$$EnhancerBySpringCGLIB$$22ef59cf.VALIDATE_SERVICE_TICKET_METER, count=0, mean_rate=0.0, m1=0.0, m5=0.0, m15=0.0, rate_unit=events/millisecond
type=METER, name=org.apereo.cas.authentication.PolicyBasedAuthenticationManager.AUTHENTICATE_METER, count=0, mean_rate=0.0, m1=0.0, m5=0.0, m15=0.0, rate_unit=events/millisecond
type=TIMER, name=org.apereo.cas.DefaultCentralAuthenticationService$$EnhancerBySpringCGLIB$$22ef59cf.CREATE_PROXY_GRANTING_TICKET_TIMER, count=0, min=0.0, max=0.0, mean=0.0, stddev=0.0, median=0.0, p75=0.0, p95=0.0, p98=0.0, p99=0.0, p999=0.0, mean_rate=0.0, m1=0.0, m5=0.0, m15=0.0, rate_unit=events/millisecond, duration_unit=milliseconds
type=TIMER, name=org.apereo.cas.DefaultCentralAuthenticationService$$EnhancerBySpringCGLIB$$22ef59cf.CREATE_TICKET_GRANTING_TICKET_TIMER, count=0, min=0.0, max=0.0, mean=0.0, stddev=0.0, median=0.0, p75=0.0, p95=0.0, p98=0.0, p99=0.0, p999=0.0, mean_rate=0.0, m1=0.0, m5=0.0, m15=0.0, rate_unit=events/millisecond, duration_unit=milliseconds
type=TIMER, name=org.apereo.cas.DefaultCentralAuthenticationService$$EnhancerBySpringCGLIB$$22ef59cf.DELETE_TICKET_TIMER, count=0, min=0.0, max=0.0, mean=0.0, stddev=0.0, median=0.0, p75=0.0, p95=0.0, p98=0.0, p99=0.0, p999=0.0, mean_rate=0.0, m1=0.0, m5=0.0, m15=0.0, rate_unit=events/millisecond, duration_unit=milliseconds
type=TIMER, name=org.apereo.cas.DefaultCentralAuthenticationService$$EnhancerBySpringCGLIB$$22ef59cf.DESTROY_TICKET_GRANTING_TICKET_TIMER, count=0, min=0.0, max=0.0, mean=0.0, stddev=0.0, median=0.0, p75=0.0, p95=0.0, p98=0.0, p99=0.0, p999=0.0, mean_rate=0.0, m1=0.0, m5=0.0, m15=0.0, rate_unit=events/millisecond, duration_unit=milliseconds
type=TIMER, name=org.apereo.cas.DefaultCentralAuthenticationService$$EnhancerBySpringCGLIB$$22ef59cf.GET_TICKETS_TIMER, count=0, min=0.0, max=0.0, mean=0.0, stddev=0.0, median=0.0, p75=0.0, p95=0.0, p98=0.0, p99=0.0, p999=0.0, mean_rate=0.0, m1=0.0, m5=0.0, m15=0.0, rate_unit=events/millisecond, duration_unit=milliseconds
type=TIMER, name=org.apereo.cas.DefaultCentralAuthenticationService$$EnhancerBySpringCGLIB$$22ef59cf.GET_TICKET_TIMER, count=0, min=0.0, max=0.0, mean=0.0, stddev=0.0, median=0.0, p75=0.0, p95=0.0, p98=0.0, p99=0.0, p999=0.0, mean_rate=0.0, m1=0.0, m5=0.0, m15=0.0, rate_unit=events/millisecond, duration_unit=milliseconds
type=TIMER, name=org.apereo.cas.DefaultCentralAuthenticationService$$EnhancerBySpringCGLIB$$22ef59cf.GRANT_PROXY_TICKET_TIMER, count=0, min=0.0, max=0.0, mean=0.0, stddev=0.0, median=0.0, p75=0.0, p95=0.0, p98=0.0, p99=0.0, p999=0.0, mean_rate=0.0, m1=0.0, m5=0.0, m15=0.0, rate_unit=events/millisecond, duration_unit=milliseconds
type=TIMER, name=org.apereo.cas.DefaultCentralAuthenticationService$$EnhancerBySpringCGLIB$$22ef59cf.GRANT_SERVICE_TICKET_TIMER, count=0, min=0.0, max=0.0, mean=0.0, stddev=0.0, median=0.0, p75=0.0, p95=0.0, p98=0.0, p99=0.0, p999=0.0, mean_rate=0.0, m1=0.0, m5=0.0, m15=0.0, rate_unit=events/millisecond, duration_unit=milliseconds
type=TIMER, name=org.apereo.cas.DefaultCentralAuthenticationService$$EnhancerBySpringCGLIB$$22ef59cf.VALIDATE_SERVICE_TICKET_TIMER, count=0, min=0.0, max=0.0, mean=0.0, stddev=0.0, median=0.0, p75=0.0, p95=0.0, p98=0.0, p99=0.0, p999=0.0, mean_rate=0.0, m1=0.0, m5=0.0, m15=0.0, rate_unit=events/millisecond, duration_unit=milliseconds
type=TIMER, name=org.apereo.cas.authentication.PolicyBasedAuthenticationManager.AUTHENTICATE_TIMER, count=0, min=0.0, max=0.0, mean=0.0, stddev=0.0, median=0.0, p75=0.0, p95=0.0, p98=0.0, p99=0.0, p999=0.0, mean_rate=0.0, m1=0.0, m5=0.0, m15=0.0, rate_unit=events/millisecond, duration_unit=milliseconds
type=GAUGE, name=jvm.fd.usage, value=NaN
type=GAUGE, name=jvm.gc.Copy.count, value=183
type=GAUGE, name=jvm.gc.Copy.time, value=2259
type=GAUGE, name=jvm.gc.MarkSweepCompact.count, value=3
type=GAUGE, name=jvm.gc.MarkSweepCompact.time, value=246
type=GAUGE, name=jvm.memory.heap.committed, value=506986496
type=GAUGE, name=jvm.memory.heap.init, value=524288000
type=GAUGE, name=jvm.memory.heap.max, value=1037959168
type=GAUGE, name=jvm.memory.heap.usage, value=0.12452071332347439
type=GAUGE, name=jvm.memory.heap.used, value=129249480
type=GAUGE, name=jvm.memory.non-heap.committed, value=45940736
type=GAUGE, name=jvm.memory.non-heap.init, value=163840
type=GAUGE, name=jvm.memory.non-heap.max, value=-1
type=GAUGE, name=jvm.memory.non-heap.usage, value=-4.502416E7
type=GAUGE, name=jvm.memory.non-heap.used, value=45024160
type=GAUGE, name=jvm.memory.pools.Code-Cache.committed, value=6094848
type=GAUGE, name=jvm.memory.pools.Code-Cache.init, value=163840
type=GAUGE, name=jvm.memory.pools.Code-Cache.max, value=33554432
type=GAUGE, name=jvm.memory.pools.Code-Cache.usage, value=0.1738109588623047
type=GAUGE, name=jvm.memory.pools.Code-Cache.used, value=5832128
type=GAUGE, name=jvm.memory.pools.Eden-Space.committed, value=139984896
type=GAUGE, name=jvm.memory.pools.Eden-Space.init, value=139853824
type=GAUGE, name=jvm.memory.pools.Eden-Space.max, value=286326784
type=GAUGE, name=jvm.memory.pools.Eden-Space.usage, value=0.158667657161965
type=GAUGE, name=jvm.memory.pools.Eden-Space.used, value=45430800
type=GAUGE, name=jvm.memory.pools.Eden-Space.used-after-gc, value=0
type=GAUGE, name=jvm.memory.pools.Metaspace.committed, value=39845888
type=GAUGE, name=jvm.memory.pools.Metaspace.init, value=0
type=GAUGE, name=jvm.memory.pools.Metaspace.max, value=-1
type=GAUGE, name=jvm.memory.pools.Metaspace.usage, value=0.983590377004523
type=GAUGE, name=jvm.memory.pools.Metaspace.used, value=39192032
type=GAUGE, name=jvm.memory.pools.Survivor-Space.committed, value=17432576
type=GAUGE, name=jvm.memory.pools.Survivor-Space.init, value=17432576
type=GAUGE, name=jvm.memory.pools.Survivor-Space.max, value=35782656
type=GAUGE, name=jvm.memory.pools.Survivor-Space.usage, value=0.09052676246279762
type=GAUGE, name=jvm.memory.pools.Survivor-Space.used, value=3239288
type=GAUGE, name=jvm.memory.pools.Survivor-Space.used-after-gc, value=3239288
type=GAUGE, name=jvm.memory.pools.Tenured-Gen.committed, value=349569024
type=GAUGE, name=jvm.memory.pools.Tenured-Gen.init, value=349569024
type=GAUGE, name=jvm.memory.pools.Tenured-Gen.max, value=715849728
type=GAUGE, name=jvm.memory.pools.Tenured-Gen.usage, value=0.1125646750263206
type=GAUGE, name=jvm.memory.pools.Tenured-Gen.used, value=80579392
type=GAUGE, name=jvm.memory.pools.Tenured-Gen.used-after-gc, value=68432656
type=GAUGE, name=jvm.memory.total.committed, value=552927232
type=GAUGE, name=jvm.memory.total.init, value=524451840
type=GAUGE, name=jvm.memory.total.max, value=1037959167
type=GAUGE, name=jvm.memory.total.used, value=174278216
type=GAUGE, name=thread-states.blocked.count, value=0
type=GAUGE, name=thread-states.count, value=10
type=GAUGE, name=thread-states.daemon.count, value=8
type=GAUGE, name=thread-states.deadlock.count, value=0
type=GAUGE, name=thread-states.deadlocks, value=[]
type=GAUGE, name=thread-states.new.count, value=0
type=GAUGE, name=thread-states.runnable.count, value=5
type=GAUGE, name=thread-states.terminated.count, value=0
type=GAUGE, name=thread-states.timed_waiting.count, value=3
type=GAUGE, name=thread-states.waiting.count, value=2
type=COUNTER, name=org.apereo.cas.DefaultCentralAuthenticationService$$EnhancerBySpringCGLIB$$22ef59cf.CREATE_PROXY_GRANTING_TICKET_COUNTER, count=0
type=COUNTER, name=org.apereo.cas.DefaultCentralAuthenticationService$$EnhancerBySpringCGLIB$$22ef59cf.CREATE_TICKET_GRANTING_TICKET_COUNTER, count=0
type=COUNTER, name=org.apereo.cas.DefaultCentralAuthenticationService$$EnhancerBySpringCGLIB$$22ef59cf.DELETE_TICKET_COUNTER, count=0
type=COUNTER, name=org.apereo.cas.DefaultCentralAuthenticationService$$EnhancerBySpringCGLIB$$22ef59cf.DESTROY_TICKET_GRANTING_TICKET_COUNTER, count=0
type=COUNTER, name=org.apereo.cas.DefaultCentralAuthenticationService$$EnhancerBySpringCGLIB$$22ef59cf.GET_TICKETS_COUNTER, count=0
type=COUNTER, name=org.apereo.cas.DefaultCentralAuthenticationService$$EnhancerBySpringCGLIB$$22ef59cf.GET_TICKET_COUNTER, count=0
type=COUNTER, name=org.apereo.cas.DefaultCentralAuthenticationService$$EnhancerBySpringCGLIB$$22ef59cf.GRANT_PROXY_TICKET_COUNTER, count=0
type=COUNTER, name=org.apereo.cas.DefaultCentralAuthenticationService$$EnhancerBySpringCGLIB$$22ef59cf.GRANT_SERVICE_TICKET_COUNTER, count=0
type=COUNTER, name=org.apereo.cas.DefaultCentralAuthenticationService$$EnhancerBySpringCGLIB$$22ef59cf.VALIDATE_SERVICE_TICKET_COUNTER, count=0
type=COUNTER, name=org.apereo.cas.authentication.PolicyBasedAuthenticationManager.AUTHENTICATE_COUNT, count=0
type=METER, name=org.apereo.cas.DefaultCentralAuthenticationService$$EnhancerBySpringCGLIB$$22ef59cf.CREATE_PROXY_GRANTING_TICKET_METER, count=0, mean_rate=0.0, m1=0.0, m5=0.0, m15=0.0, rate_unit=events/millisecond
type=METER, name=org.apereo.cas.DefaultCentralAuthenticationService$$EnhancerBySpringCGLIB$$22ef59cf.CREATE_TICKET_GRANTING_TICKET_METER, count=0, mean_rate=0.0, m1=0.0, m5=0.0, m15=0.0, rate_unit=events/millisecond
type=METER, name=org.apereo.cas.DefaultCentralAuthenticationService$$EnhancerBySpringCGLIB$$22ef59cf.DELETE_TICKET_METER, count=0, mean_rate=0.0, m1=0.0, m5=0.0, m15=0.0, rate_unit=events/millisecond
type=METER, name=org.apereo.cas.DefaultCentralAuthenticationService$$EnhancerBySpringCGLIB$$22ef59cf.DESTROY_TICKET_GRANTING_TICKET_METER, count=0, mean_rate=0.0, m1=0.0, m5=0.0, m15=0.0, rate_unit=events/millisecond
type=METER, name=org.apereo.cas.DefaultCentralAuthenticationService$$EnhancerBySpringCGLIB$$22ef59cf.GET_TICKETS_METER, count=0, mean_rate=0.0, m1=0.0, m5=0.0, m15=0.0, rate_unit=events/millisecond
type=METER, name=org.apereo.cas.DefaultCentralAuthenticationService$$EnhancerBySpringCGLIB$$22ef59cf.GET_TICKET_METER, count=0, mean_rate=0.0, m1=0.0, m5=0.0, m15=0.0, rate_unit=events/millisecond
type=METER, name=org.apereo.cas.DefaultCentralAuthenticationService$$EnhancerBySpringCGLIB$$22ef59cf.GRANT_PROXY_TICKET_METER, count=0, mean_rate=0.0, m1=0.0, m5=0.0, m15=0.0, rate_unit=events/millisecond
type=METER, name=org.apereo.cas.DefaultCentralAuthenticationService$$EnhancerBySpringCGLIB$$22ef59cf.GRANT_SERVICE_TICKET_METER, count=0, mean_rate=0.0, m1=0.0, m5=0.0, m15=0.0, rate_unit=events/millisecond
type=METER, name=org.apereo.cas.DefaultCentralAuthenticationService$$EnhancerBySpringCGLIB$$22ef59cf.VALIDATE_SERVICE_TICKET_METER, count=0, mean_rate=0.0, m1=0.0, m5=0.0, m15=0.0, rate_unit=events/millisecond
type=METER, name=org.apereo.cas.authentication.PolicyBasedAuthenticationManager.AUTHENTICATE_METER, count=0, mean_rate=0.0, m1=0.0, m5=0.0, m15=0.0, rate_unit=events/millisecond
type=TIMER, name=org.apereo.cas.DefaultCentralAuthenticationService$$EnhancerBySpringCGLIB$$22ef59cf.CREATE_PROXY_GRANTING_TICKET_TIMER, count=0, min=0.0, max=0.0, mean=0.0, stddev=0.0, median=0.0, p75=0.0, p95=0.0, p98=0.0, p99=0.0, p999=0.0, mean_rate=0.0, m1=0.0, m5=0.0, m15=0.0, rate_unit=events/millisecond, duration_unit=milliseconds
type=TIMER, name=org.apereo.cas.DefaultCentralAuthenticationService$$EnhancerBySpringCGLIB$$22ef59cf.CREATE_TICKET_GRANTING_TICKET_TIMER, count=0, min=0.0, max=0.0, mean=0.0, stddev=0.0, median=0.0, p75=0.0, p95=0.0, p98=0.0, p99=0.0, p999=0.0, mean_rate=0.0, m1=0.0, m5=0.0, m15=0.0, rate_unit=events/millisecond, duration_unit=milliseconds
type=TIMER, name=org.apereo.cas.DefaultCentralAuthenticationService$$EnhancerBySpringCGLIB$$22ef59cf.DELETE_TICKET_TIMER, count=0, min=0.0, max=0.0, mean=0.0, stddev=0.0, median=0.0, p75=0.0, p95=0.0, p98=0.0, p99=0.0, p999=0.0, mean_rate=0.0, m1=0.0, m5=0.0, m15=0.0, rate_unit=events/millisecond, duration_unit=milliseconds
type=TIMER, name=org.apereo.cas.DefaultCentralAuthenticationService$$EnhancerBySpringCGLIB$$22ef59cf.DESTROY_TICKET_GRANTING_TICKET_TIMER, count=0, min=0.0, max=0.0, mean=0.0, stddev=0.0, median=0.0, p75=0.0, p95=0.0, p98=0.0, p99=0.0, p999=0.0, mean_rate=0.0, m1=0.0, m5=0.0, m15=0.0, rate_unit=events/millisecond, duration_unit=milliseconds
type=TIMER, name=org.apereo.cas.DefaultCentralAuthenticationService$$EnhancerBySpringCGLIB$$22ef59cf.GET_TICKETS_TIMER, count=0, min=0.0, max=0.0, mean=0.0, stddev=0.0, median=0.0, p75=0.0, p95=0.0, p98=0.0, p99=0.0, p999=0.0, mean_rate=0.0, m1=0.0, m5=0.0, m15=0.0, rate_unit=events/millisecond, duration_unit=milliseconds
type=TIMER, name=org.apereo.cas.DefaultCentralAuthenticationService$$EnhancerBySpringCGLIB$$22ef59cf.GET_TICKET_TIMER, count=0, min=0.0, max=0.0, mean=0.0, stddev=0.0, median=0.0, p75=0.0, p95=0.0, p98=0.0, p99=0.0, p999=0.0, mean_rate=0.0, m1=0.0, m5=0.0, m15=0.0, rate_unit=events/millisecond, duration_unit=milliseconds
type=TIMER, name=org.apereo.cas.DefaultCentralAuthenticationService$$EnhancerBySpringCGLIB$$22ef59cf.GRANT_PROXY_TICKET_TIMER, count=0, min=0.0, max=0.0, mean=0.0, stddev=0.0, median=0.0, p75=0.0, p95=0.0, p98=0.0, p99=0.0, p999=0.0, mean_rate=0.0, m1=0.0, m5=0.0, m15=0.0, rate_unit=events/millisecond, duration_unit=milliseconds
type=TIMER, name=org.apereo.cas.DefaultCentralAuthenticationService$$EnhancerBySpringCGLIB$$22ef59cf.GRANT_SERVICE_TICKET_TIMER, count=0, min=0.0, max=0.0, mean=0.0, stddev=0.0, median=0.0, p75=0.0, p95=0.0, p98=0.0, p99=0.0, p999=0.0, mean_rate=0.0, m1=0.0, m5=0.0, m15=0.0, rate_unit=events/millisecond, duration_unit=milliseconds
type=TIMER, name=org.apereo.cas.DefaultCentralAuthenticationService$$EnhancerBySpringCGLIB$$22ef59cf.VALIDATE_SERVICE_TICKET_TIMER, count=0, min=0.0, max=0.0, mean=0.0, stddev=0.0, median=0.0, p75=0.0, p95=0.0, p98=0.0, p99=0.0, p999=0.0, mean_rate=0.0, m1=0.0, m5=0.0, m15=0.0, rate_unit=events/millisecond, duration_unit=milliseconds
type=TIMER, name=org.apereo.cas.authentication.PolicyBasedAuthenticationManager.AUTHENTICATE_TIMER, count=0, min=0.0, max=0.0, mean=0.0, stddev=0.0, median=0.0, p75=0.0, p95=0.0, p98=0.0, p99=0.0, p999=0.0, mean_rate=0.0, m1=0.0, m5=0.0, m15=0.0, rate_unit=events/millisecond, duration_unit=milliseconds
type=GAUGE, name=jvm.fd.usage, value=NaN
type=GAUGE, name=jvm.gc.Copy.count, value=224
type=GAUGE, name=jvm.gc.Copy.time, value=2779
type=GAUGE, name=jvm.gc.MarkSweepCompact.count, value=3
type=GAUGE, name=jvm.gc.MarkSweepCompact.time, value=246
type=GAUGE, name=jvm.memory.heap.committed, value=506986496
type=GAUGE, name=jvm.memory.heap.init, value=524288000
type=GAUGE, name=jvm.memory.heap.max, value=1037959168
type=GAUGE, name=jvm.memory.heap.usage, value=0.17199589107536067
type=GAUGE, name=jvm.memory.heap.used, value=178524864
type=GAUGE, name=jvm.memory.non-heap.committed, value=47382528
type=GAUGE, name=jvm.memory.non-heap.init, value=163840
type=GAUGE, name=jvm.memory.non-heap.max, value=-1
type=GAUGE, name=jvm.memory.non-heap.usage, value=-4.6517656E7
type=GAUGE, name=jvm.memory.non-heap.used, value=46517656
type=GAUGE, name=jvm.memory.pools.Code-Cache.committed, value=6094848
type=GAUGE, name=jvm.memory.pools.Code-Cache.init, value=163840
type=GAUGE, name=jvm.memory.pools.Code-Cache.max, value=33554432
type=GAUGE, name=jvm.memory.pools.Code-Cache.usage, value=0.17245864868164062
type=GAUGE, name=jvm.memory.pools.Code-Cache.used, value=5786752
type=GAUGE, name=jvm.memory.pools.Eden-Space.committed, value=139984896
type=GAUGE, name=jvm.memory.pools.Eden-Space.init, value=139853824
type=GAUGE, name=jvm.memory.pools.Eden-Space.max, value=286326784
type=GAUGE, name=jvm.memory.pools.Eden-Space.usage, value=0.2850323635807679
type=GAUGE, name=jvm.memory.pools.Eden-Space.used, value=81614464
type=GAUGE, name=jvm.memory.pools.Eden-Space.used-after-gc, value=0
type=GAUGE, name=jvm.memory.pools.Metaspace.committed, value=41287680
type=GAUGE, name=jvm.memory.pools.Metaspace.init, value=0
type=GAUGE, name=jvm.memory.pools.Metaspace.max, value=-1
type=GAUGE, name=jvm.memory.pools.Metaspace.usage, value=0.9865147181919642
type=GAUGE, name=jvm.memory.pools.Metaspace.used, value=40730904
type=GAUGE, name=jvm.memory.pools.Survivor-Space.committed, value=17432576
type=GAUGE, name=jvm.memory.pools.Survivor-Space.init, value=17432576
type=GAUGE, name=jvm.memory.pools.Survivor-Space.max, value=35782656
type=GAUGE, name=jvm.memory.pools.Survivor-Space.usage, value=0.0850078876201923
type=GAUGE, name=jvm.memory.pools.Survivor-Space.used, value=3041808
type=GAUGE, name=jvm.memory.pools.Survivor-Space.used-after-gc, value=3041808
type=GAUGE, name=jvm.memory.pools.Tenured-Gen.committed, value=349569024
type=GAUGE, name=jvm.memory.pools.Tenured-Gen.init, value=349569024
type=GAUGE, name=jvm.memory.pools.Tenured-Gen.max, value=715849728
type=GAUGE, name=jvm.memory.pools.Tenured-Gen.usage, value=0.13114131126693673
type=GAUGE, name=jvm.memory.pools.Tenured-Gen.used, value=93877472
type=GAUGE, name=jvm.memory.pools.Tenured-Gen.used-after-gc, value=68432656
type=GAUGE, name=jvm.memory.total.committed, value=554369024
type=GAUGE, name=jvm.memory.total.init, value=524451840
type=GAUGE, name=jvm.memory.total.max, value=1037959167
type=GAUGE, name=jvm.memory.total.used, value=225064728
type=GAUGE, name=thread-states.blocked.count, value=0
type=GAUGE, name=thread-states.count, value=10
type=GAUGE, name=thread-states.daemon.count, value=8
type=GAUGE, name=thread-states.deadlock.count, value=0
type=GAUGE, name=thread-states.deadlocks, value=[]
type=GAUGE, name=thread-states.new.count, value=0
type=GAUGE, name=thread-states.runnable.count, value=4
type=GAUGE, name=thread-states.terminated.count, value=0
type=GAUGE, name=thread-states.timed_waiting.count, value=4
type=GAUGE, name=thread-states.waiting.count, value=2
type=COUNTER, name=org.apereo.cas.DefaultCentralAuthenticationService$$EnhancerBySpringCGLIB$$22ef59cf.CREATE_PROXY_GRANTING_TICKET_COUNTER, count=0
type=COUNTER, name=org.apereo.cas.DefaultCentralAuthenticationService$$EnhancerBySpringCGLIB$$22ef59cf.CREATE_TICKET_GRANTING_TICKET_COUNTER, count=0
type=COUNTER, name=org.apereo.cas.DefaultCentralAuthenticationService$$EnhancerBySpringCGLIB$$22ef59cf.DELETE_TICKET_COUNTER, count=0
type=COUNTER, name=org.apereo.cas.DefaultCentralAuthenticationService$$EnhancerBySpringCGLIB$$22ef59cf.DESTROY_TICKET_GRANTING_TICKET_COUNTER, count=0
type=COUNTER, name=org.apereo.cas.DefaultCentralAuthenticationService$$EnhancerBySpringCGLIB$$22ef59cf.GET_TICKETS_COUNTER, count=0
type=COUNTER, name=org.apereo.cas.DefaultCentralAuthenticationService$$EnhancerBySpringCGLIB$$22ef59cf.GET_TICKET_COUNTER, count=0
type=COUNTER, name=org.apereo.cas.DefaultCentralAuthenticationService$$EnhancerBySpringCGLIB$$22ef59cf.GRANT_PROXY_TICKET_COUNTER, count=0
type=COUNTER, name=org.apereo.cas.DefaultCentralAuthenticationService$$EnhancerBySpringCGLIB$$22ef59cf.GRANT_SERVICE_TICKET_COUNTER, count=0
type=COUNTER, name=org.apereo.cas.DefaultCentralAuthenticationService$$EnhancerBySpringCGLIB$$22ef59cf.VALIDATE_SERVICE_TICKET_COUNTER, count=0
type=COUNTER, name=org.apereo.cas.authentication.PolicyBasedAuthenticationManager.AUTHENTICATE_COUNT, count=0
type=METER, name=org.apereo.cas.DefaultCentralAuthenticationService$$EnhancerBySpringCGLIB$$22ef59cf.CREATE_PROXY_GRANTING_TICKET_METER, count=0, mean_rate=0.0, m1=0.0, m5=0.0, m15=0.0, rate_unit=events/millisecond
type=METER, name=org.apereo.cas.DefaultCentralAuthenticationService$$EnhancerBySpringCGLIB$$22ef59cf.CREATE_TICKET_GRANTING_TICKET_METER, count=0, mean_rate=0.0, m1=0.0, m5=0.0, m15=0.0, rate_unit=events/millisecond
type=METER, name=org.apereo.cas.DefaultCentralAuthenticationService$$EnhancerBySpringCGLIB$$22ef59cf.DELETE_TICKET_METER, count=0, mean_rate=0.0, m1=0.0, m5=0.0, m15=0.0, rate_unit=events/millisecond
type=METER, name=org.apereo.cas.DefaultCentralAuthenticationService$$EnhancerBySpringCGLIB$$22ef59cf.DESTROY_TICKET_GRANTING_TICKET_METER, count=0, mean_rate=0.0, m1=0.0, m5=0.0, m15=0.0, rate_unit=events/millisecond
type=METER, name=org.apereo.cas.DefaultCentralAuthenticationService$$EnhancerBySpringCGLIB$$22ef59cf.GET_TICKETS_METER, count=0, mean_rate=0.0, m1=0.0, m5=0.0, m15=0.0, rate_unit=events/millisecond
type=METER, name=org.apereo.cas.DefaultCentralAuthenticationService$$EnhancerBySpringCGLIB$$22ef59cf.GET_TICKET_METER, count=0, mean_rate=0.0, m1=0.0, m5=0.0, m15=0.0, rate_unit=events/millisecond
type=METER, name=org.apereo.cas.DefaultCentralAuthenticationService$$EnhancerBySpringCGLIB$$22ef59cf.GRANT_PROXY_TICKET_METER, count=0, mean_rate=0.0, m1=0.0, m5=0.0, m15=0.0, rate_unit=events/millisecond
type=METER, name=org.apereo.cas.DefaultCentralAuthenticationService$$EnhancerBySpringCGLIB$$22ef59cf.GRANT_SERVICE_TICKET_METER, count=0, mean_rate=0.0, m1=0.0, m5=0.0, m15=0.0, rate_unit=events/millisecond
type=METER, name=org.apereo.cas.DefaultCentralAuthenticationService$$EnhancerBySpringCGLIB$$22ef59cf.VALIDATE_SERVICE_TICKET_METER, count=0, mean_rate=0.0, m1=0.0, m5=0.0, m15=0.0, rate_unit=events/millisecond
type=METER, name=org.apereo.cas.authentication.PolicyBasedAuthenticationManager.AUTHENTICATE_METER, count=0, mean_rate=0.0, m1=0.0, m5=0.0, m15=0.0, rate_unit=events/millisecond
type=TIMER, name=org.apereo.cas.DefaultCentralAuthenticationService$$EnhancerBySpringCGLIB$$22ef59cf.CREATE_PROXY_GRANTING_TICKET_TIMER, count=0, min=0.0, max=0.0, mean=0.0, stddev=0.0, median=0.0, p75=0.0, p95=0.0, p98=0.0, p99=0.0, p999=0.0, mean_rate=0.0, m1=0.0, m5=0.0, m15=0.0, rate_unit=events/millisecond, duration_unit=milliseconds
type=TIMER, name=org.apereo.cas.DefaultCentralAuthenticationService$$EnhancerBySpringCGLIB$$22ef59cf.CREATE_TICKET_GRANTING_TICKET_TIMER, count=0, min=0.0, max=0.0, mean=0.0, stddev=0.0, median=0.0, p75=0.0, p95=0.0, p98=0.0, p99=0.0, p999=0.0, mean_rate=0.0, m1=0.0, m5=0.0, m15=0.0, rate_unit=events/millisecond, duration_unit=milliseconds
type=TIMER, name=org.apereo.cas.DefaultCentralAuthenticationService$$EnhancerBySpringCGLIB$$22ef59cf.DELETE_TICKET_TIMER, count=0, min=0.0, max=0.0, mean=0.0, stddev=0.0, median=0.0, p75=0.0, p95=0.0, p98=0.0, p99=0.0, p999=0.0, mean_rate=0.0, m1=0.0, m5=0.0, m15=0.0, rate_unit=events/millisecond, duration_unit=milliseconds
type=TIMER, name=org.apereo.cas.DefaultCentralAuthenticationService$$EnhancerBySpringCGLIB$$22ef59cf.DESTROY_TICKET_GRANTING_TICKET_TIMER, count=0, min=0.0, max=0.0, mean=0.0, stddev=0.0, median=0.0, p75=0.0, p95=0.0, p98=0.0, p99=0.0, p999=0.0, mean_rate=0.0, m1=0.0, m5=0.0, m15=0.0, rate_unit=events/millisecond, duration_unit=milliseconds
type=TIMER, name=org.apereo.cas.DefaultCentralAuthenticationService$$EnhancerBySpringCGLIB$$22ef59cf.GET_TICKETS_TIMER, count=0, min=0.0, max=0.0, mean=0.0, stddev=0.0, median=0.0, p75=0.0, p95=0.0, p98=0.0, p99=0.0, p999=0.0, mean_rate=0.0, m1=0.0, m5=0.0, m15=0.0, rate_unit=events/millisecond, duration_unit=milliseconds
type=TIMER, name=org.apereo.cas.DefaultCentralAuthenticationService$$EnhancerBySpringCGLIB$$22ef59cf.GET_TICKET_TIMER, count=0, min=0.0, max=0.0, mean=0.0, stddev=0.0, median=0.0, p75=0.0, p95=0.0, p98=0.0, p99=0.0, p999=0.0, mean_rate=0.0, m1=0.0, m5=0.0, m15=0.0, rate_unit=events/millisecond, duration_unit=milliseconds
type=TIMER, name=org.apereo.cas.DefaultCentralAuthenticationService$$EnhancerBySpringCGLIB$$22ef59cf.GRANT_PROXY_TICKET_TIMER, count=0, min=0.0, max=0.0, mean=0.0, stddev=0.0, median=0.0, p75=0.0, p95=0.0, p98=0.0, p99=0.0, p999=0.0, mean_rate=0.0, m1=0.0, m5=0.0, m15=0.0, rate_unit=events/millisecond, duration_unit=milliseconds
type=TIMER, name=org.apereo.cas.DefaultCentralAuthenticationService$$EnhancerBySpringCGLIB$$22ef59cf.GRANT_SERVICE_TICKET_TIMER, count=0, min=0.0, max=0.0, mean=0.0, stddev=0.0, median=0.0, p75=0.0, p95=0.0, p98=0.0, p99=0.0, p999=0.0, mean_rate=0.0, m1=0.0, m5=0.0, m15=0.0, rate_unit=events/millisecond, duration_unit=milliseconds
type=TIMER, name=org.apereo.cas.DefaultCentralAuthenticationService$$EnhancerBySpringCGLIB$$22ef59cf.VALIDATE_SERVICE_TICKET_TIMER, count=0, min=0.0, max=0.0, mean=0.0, stddev=0.0, median=0.0, p75=0.0, p95=0.0, p98=0.0, p99=0.0, p999=0.0, mean_rate=0.0, m1=0.0, m5=0.0, m15=0.0, rate_unit=events/millisecond, duration_unit=milliseconds
type=TIMER, name=org.apereo.cas.authentication.PolicyBasedAuthenticationManager.AUTHENTICATE_TIMER, count=0, min=0.0, max=0.0, mean=0.0, stddev=0.0, median=0.0, p75=0.0, p95=0.0, p98=0.0, p99=0.0, p999=0.0, mean_rate=0.0, m1=0.0, m5=0.0, m15=0.0, rate_unit=events/millisecond, duration_unit=milliseconds
type=GAUGE, name=jvm.fd.usage, value=NaN
type=GAUGE, name=jvm.gc.Copy.count, value=265
type=GAUGE, name=jvm.gc.Copy.time, value=3273
type=GAUGE, name=jvm.gc.MarkSweepCompact.count, value=3
type=GAUGE, name=jvm.gc.MarkSweepCompact.time, value=246
type=GAUGE, name=jvm.memory.heap.committed, value=506986496
type=GAUGE, name=jvm.memory.heap.init, value=524288000
type=GAUGE, name=jvm.memory.heap.max, value=1037959168
type=GAUGE, name=jvm.memory.heap.usage, value=0.16759632687207981
type=GAUGE, name=jvm.memory.heap.used, value=173958144
type=GAUGE, name=jvm.memory.non-heap.committed, value=51183616
type=GAUGE, name=jvm.memory.non-heap.init, value=163840
type=GAUGE, name=jvm.memory.non-heap.max, value=-1
type=GAUGE, name=jvm.memory.non-heap.usage, value=-5.0177688E7
type=GAUGE, name=jvm.memory.non-heap.used, value=50177688
type=GAUGE, name=jvm.memory.pools.Code-Cache.committed, value=6094848
type=GAUGE, name=jvm.memory.pools.Code-Cache.init, value=163840
type=GAUGE, name=jvm.memory.pools.Code-Cache.max, value=33554432
type=GAUGE, name=jvm.memory.pools.Code-Cache.usage, value=0.1740398406982422
type=GAUGE, name=jvm.memory.pools.Code-Cache.used, value=5839808
type=GAUGE, name=jvm.memory.pools.Eden-Space.committed, value=139984896
type=GAUGE, name=jvm.memory.pools.Eden-Space.init, value=139853824
type=GAUGE, name=jvm.memory.pools.Eden-Space.max, value=286326784
type=GAUGE, name=jvm.memory.pools.Eden-Space.usage, value=0.22457925556835087
type=GAUGE, name=jvm.memory.pools.Eden-Space.used, value=64303056
type=GAUGE, name=jvm.memory.pools.Eden-Space.used-after-gc, value=0
type=GAUGE, name=jvm.memory.pools.Metaspace.committed, value=45088768
type=GAUGE, name=jvm.memory.pools.Metaspace.init, value=0
type=GAUGE, name=jvm.memory.pools.Metaspace.max, value=-1
type=GAUGE, name=jvm.memory.pools.Metaspace.usage, value=0.9833464511605197
type=GAUGE, name=jvm.memory.pools.Metaspace.used, value=44337880
type=GAUGE, name=jvm.memory.pools.Survivor-Space.committed, value=17432576
type=GAUGE, name=jvm.memory.pools.Survivor-Space.init, value=17432576
type=GAUGE, name=jvm.memory.pools.Survivor-Space.max, value=35782656
type=GAUGE, name=jvm.memory.pools.Survivor-Space.usage, value=0.22120616200206045
type=GAUGE, name=jvm.memory.pools.Survivor-Space.used, value=7915344
type=GAUGE, name=jvm.memory.pools.Survivor-Space.used-after-gc, value=7915344
type=GAUGE, name=jvm.memory.pools.Tenured-Gen.committed, value=349569024
type=GAUGE, name=jvm.memory.pools.Tenured-Gen.init, value=349569024
type=GAUGE, name=jvm.memory.pools.Tenured-Gen.max, value=715849728
type=GAUGE, name=jvm.memory.pools.Tenured-Gen.usage, value=0.14213669157111142
type=GAUGE, name=jvm.memory.pools.Tenured-Gen.used, value=101748512
type=GAUGE, name=jvm.memory.pools.Tenured-Gen.used-after-gc, value=68432656
type=GAUGE, name=jvm.memory.total.committed, value=558170112
type=GAUGE, name=jvm.memory.total.init, value=524451840
type=GAUGE, name=jvm.memory.total.max, value=1037959167
type=GAUGE, name=jvm.memory.total.used, value=224133096
type=GAUGE, name=thread-states.blocked.count, value=0
type=GAUGE, name=thread-states.count, value=17
type=GAUGE, name=thread-states.daemon.count, value=9
type=GAUGE, name=thread-states.deadlock.count, value=0
type=GAUGE, name=thread-states.deadlocks, value=[]
type=GAUGE, name=thread-states.new.count, value=0
type=GAUGE, name=thread-states.runnable.count, value=4
type=GAUGE, name=thread-states.terminated.count, value=0
type=GAUGE, name=thread-states.timed_waiting.count, value=7
type=GAUGE, name=thread-states.waiting.count, value=5
type=COUNTER, name=org.apereo.cas.DefaultCentralAuthenticationService$$EnhancerBySpringCGLIB$$22ef59cf.CREATE_PROXY_GRANTING_TICKET_COUNTER, count=0
type=COUNTER, name=org.apereo.cas.DefaultCentralAuthenticationService$$EnhancerBySpringCGLIB$$22ef59cf.CREATE_TICKET_GRANTING_TICKET_COUNTER, count=0
type=COUNTER, name=org.apereo.cas.DefaultCentralAuthenticationService$$EnhancerBySpringCGLIB$$22ef59cf.DELETE_TICKET_COUNTER, count=0
type=COUNTER, name=org.apereo.cas.DefaultCentralAuthenticationService$$EnhancerBySpringCGLIB$$22ef59cf.DESTROY_TICKET_GRANTING_TICKET_COUNTER, count=0
type=COUNTER, name=org.apereo.cas.DefaultCentralAuthenticationService$$EnhancerBySpringCGLIB$$22ef59cf.GET_TICKETS_COUNTER, count=0
type=COUNTER, name=org.apereo.cas.DefaultCentralAuthenticationService$$EnhancerBySpringCGLIB$$22ef59cf.GET_TICKET_COUNTER, count=0
type=COUNTER, name=org.apereo.cas.DefaultCentralAuthenticationService$$EnhancerBySpringCGLIB$$22ef59cf.GRANT_PROXY_TICKET_COUNTER, count=0
type=COUNTER, name=org.apereo.cas.DefaultCentralAuthenticationService$$EnhancerBySpringCGLIB$$22ef59cf.GRANT_SERVICE_TICKET_COUNTER, count=0
type=COUNTER, name=org.apereo.cas.DefaultCentralAuthenticationService$$EnhancerBySpringCGLIB$$22ef59cf.VALIDATE_SERVICE_TICKET_COUNTER, count=0
type=COUNTER, name=org.apereo.cas.authentication.PolicyBasedAuthenticationManager.AUTHENTICATE_COUNT, count=0
type=METER, name=org.apereo.cas.DefaultCentralAuthenticationService$$EnhancerBySpringCGLIB$$22ef59cf.CREATE_PROXY_GRANTING_TICKET_METER, count=0, mean_rate=0.0, m1=0.0, m5=0.0, m15=0.0, rate_unit=events/millisecond
type=METER, name=org.apereo.cas.DefaultCentralAuthenticationService$$EnhancerBySpringCGLIB$$22ef59cf.CREATE_TICKET_GRANTING_TICKET_METER, count=0, mean_rate=0.0, m1=0.0, m5=0.0, m15=0.0, rate_unit=events/millisecond
type=METER, name=org.apereo.cas.DefaultCentralAuthenticationService$$EnhancerBySpringCGLIB$$22ef59cf.DELETE_TICKET_METER, count=0, mean_rate=0.0, m1=0.0, m5=0.0, m15=0.0, rate_unit=events/millisecond
type=METER, name=org.apereo.cas.DefaultCentralAuthenticationService$$EnhancerBySpringCGLIB$$22ef59cf.DESTROY_TICKET_GRANTING_TICKET_METER, count=0, mean_rate=0.0, m1=0.0, m5=0.0, m15=0.0, rate_unit=events/millisecond
type=METER, name=org.apereo.cas.DefaultCentralAuthenticationService$$EnhancerBySpringCGLIB$$22ef59cf.GET_TICKETS_METER, count=0, mean_rate=0.0, m1=0.0, m5=0.0, m15=0.0, rate_unit=events/millisecond
type=METER, name=org.apereo.cas.DefaultCentralAuthenticationService$$EnhancerBySpringCGLIB$$22ef59cf.GET_TICKET_METER, count=0, mean_rate=0.0, m1=0.0, m5=0.0, m15=0.0, rate_unit=events/millisecond
type=METER, name=org.apereo.cas.DefaultCentralAuthenticationService$$EnhancerBySpringCGLIB$$22ef59cf.GRANT_PROXY_TICKET_METER, count=0, mean_rate=0.0, m1=0.0, m5=0.0, m15=0.0, rate_unit=events/millisecond
type=METER, name=org.apereo.cas.DefaultCentralAuthenticationService$$EnhancerBySpringCGLIB$$22ef59cf.GRANT_SERVICE_TICKET_METER, count=0, mean_rate=0.0, m1=0.0, m5=0.0, m15=0.0, rate_unit=events/millisecond
type=METER, name=org.apereo.cas.DefaultCentralAuthenticationService$$EnhancerBySpringCGLIB$$22ef59cf.VALIDATE_SERVICE_TICKET_METER, count=0, mean_rate=0.0, m1=0.0, m5=0.0, m15=0.0, rate_unit=events/millisecond
type=METER, name=org.apereo.cas.authentication.PolicyBasedAuthenticationManager.AUTHENTICATE_METER, count=0, mean_rate=0.0, m1=0.0, m5=0.0, m15=0.0, rate_unit=events/millisecond
type=TIMER, name=org.apereo.cas.DefaultCentralAuthenticationService$$EnhancerBySpringCGLIB$$22ef59cf.CREATE_PROXY_GRANTING_TICKET_TIMER, count=0, min=0.0, max=0.0, mean=0.0, stddev=0.0, median=0.0, p75=0.0, p95=0.0, p98=0.0, p99=0.0, p999=0.0, mean_rate=0.0, m1=0.0, m5=0.0, m15=0.0, rate_unit=events/millisecond, duration_unit=milliseconds
type=TIMER, name=org.apereo.cas.DefaultCentralAuthenticationService$$EnhancerBySpringCGLIB$$22ef59cf.CREATE_TICKET_GRANTING_TICKET_TIMER, count=0, min=0.0, max=0.0, mean=0.0, stddev=0.0, median=0.0, p75=0.0, p95=0.0, p98=0.0, p99=0.0, p999=0.0, mean_rate=0.0, m1=0.0, m5=0.0, m15=0.0, rate_unit=events/millisecond, duration_unit=milliseconds
type=TIMER, name=org.apereo.cas.DefaultCentralAuthenticationService$$EnhancerBySpringCGLIB$$22ef59cf.DELETE_TICKET_TIMER, count=0, min=0.0, max=0.0, mean=0.0, stddev=0.0, median=0.0, p75=0.0, p95=0.0, p98=0.0, p99=0.0, p999=0.0, mean_rate=0.0, m1=0.0, m5=0.0, m15=0.0, rate_unit=events/millisecond, duration_unit=milliseconds
type=TIMER, name=org.apereo.cas.DefaultCentralAuthenticationService$$EnhancerBySpringCGLIB$$22ef59cf.DESTROY_TICKET_GRANTING_TICKET_TIMER, count=0, min=0.0, max=0.0, mean=0.0, stddev=0.0, median=0.0, p75=0.0, p95=0.0, p98=0.0, p99=0.0, p999=0.0, mean_rate=0.0, m1=0.0, m5=0.0, m15=0.0, rate_unit=events/millisecond, duration_unit=milliseconds
type=TIMER, name=org.apereo.cas.DefaultCentralAuthenticationService$$EnhancerBySpringCGLIB$$22ef59cf.GET_TICKETS_TIMER, count=0, min=0.0, max=0.0, mean=0.0, stddev=0.0, median=0.0, p75=0.0, p95=0.0, p98=0.0, p99=0.0, p999=0.0, mean_rate=0.0, m1=0.0, m5=0.0, m15=0.0, rate_unit=events/millisecond, duration_unit=milliseconds
type=TIMER, name=org.apereo.cas.DefaultCentralAuthenticationService$$EnhancerBySpringCGLIB$$22ef59cf.GET_TICKET_TIMER, count=0, min=0.0, max=0.0, mean=0.0, stddev=0.0, median=0.0, p75=0.0, p95=0.0, p98=0.0, p99=0.0, p999=0.0, mean_rate=0.0, m1=0.0, m5=0.0, m15=0.0, rate_unit=events/millisecond, duration_unit=milliseconds
type=TIMER, name=org.apereo.cas.DefaultCentralAuthenticationService$$EnhancerBySpringCGLIB$$22ef59cf.GRANT_PROXY_TICKET_TIMER, count=0, min=0.0, max=0.0, mean=0.0, stddev=0.0, median=0.0, p75=0.0, p95=0.0, p98=0.0, p99=0.0, p999=0.0, mean_rate=0.0, m1=0.0, m5=0.0, m15=0.0, rate_unit=events/millisecond, duration_unit=milliseconds
type=TIMER, name=org.apereo.cas.DefaultCentralAuthenticationService$$EnhancerBySpringCGLIB$$22ef59cf.GRANT_SERVICE_TICKET_TIMER, count=0, min=0.0, max=0.0, mean=0.0, stddev=0.0, median=0.0, p75=0.0, p95=0.0, p98=0.0, p99=0.0, p999=0.0, mean_rate=0.0, m1=0.0, m5=0.0, m15=0.0, rate_unit=events/millisecond, duration_unit=milliseconds
type=TIMER, name=org.apereo.cas.DefaultCentralAuthenticationService$$EnhancerBySpringCGLIB$$22ef59cf.VALIDATE_SERVICE_TICKET_TIMER, count=0, min=0.0, max=0.0, mean=0.0, stddev=0.0, median=0.0, p75=0.0, p95=0.0, p98=0.0, p99=0.0, p999=0.0, mean_rate=0.0, m1=0.0, m5=0.0, m15=0.0, rate_unit=events/millisecond, duration_unit=milliseconds
type=TIMER, name=org.apereo.cas.authentication.PolicyBasedAuthenticationManager.AUTHENTICATE_TIMER, count=0, min=0.0, max=0.0, mean=0.0, stddev=0.0, median=0.0, p75=0.0, p95=0.0, p98=0.0, p99=0.0, p999=0.0, mean_rate=0.0, m1=0.0, m5=0.0, m15=0.0, rate_unit=events/millisecond, duration_unit=milliseconds
